0 info it worked if it ends with ok
1 verbose cli [ 'node', '/usr/local/share/npm/bin/npm', 'install' ]
2 info using npm@1.4.7
3 info using node@v0.10.26
4 warn package.json tornado@0.0.0 No repository field.
5 verbose readDependencies using package.json deps
6 verbose install where, deps [ '/Users/oliviercolonna/Desktop/Freelance/compass',
6 verbose install   [ 'express',
6 verbose install     'morgan',
6 verbose install     'body-parser',
6 verbose install     'method-override',
6 verbose install     'static-favicon',
6 verbose install     'cookie-parser',
6 verbose install     'express-session',
6 verbose install     'errorhandler',
6 verbose install     'compression',
6 verbose install     'lodash',
6 verbose install     'mongodb',
6 verbose install     'mongoose',
6 verbose install     'connect-mongo',
6 verbose install     'passport',
6 verbose install     'passport-local',
6 verbose install     'ejs',
6 verbose install     'grunt',
6 verbose install     'grunt-autoprefixer',
6 verbose install     'grunt-bower-install',
6 verbose install     'grunt-concurrent',
6 verbose install     'grunt-contrib-clean',
6 verbose install     'grunt-contrib-coffee',
6 verbose install     'grunt-contrib-compass',
6 verbose install     'grunt-contrib-concat',
6 verbose install     'grunt-contrib-copy',
6 verbose install     'grunt-contrib-cssmin',
6 verbose install     'grunt-contrib-htmlmin',
6 verbose install     'grunt-contrib-imagemin',
6 verbose install     'grunt-contrib-jshint',
6 verbose install     'grunt-contrib-uglify',
6 verbose install     'grunt-contrib-watch',
6 verbose install     'grunt-google-cdn',
6 verbose install     'grunt-newer',
6 verbose install     'grunt-ngmin',
6 verbose install     'grunt-rev',
6 verbose install     'grunt-svgmin',
6 verbose install     'grunt-usemin',
6 verbose install     'jshint-stylish',
6 verbose install     'load-grunt-tasks',
6 verbose install     'time-grunt',
6 verbose install     'grunt-express-server',
6 verbose install     'grunt-open',
6 verbose install     'connect-livereload',
6 verbose install     'karma-ng-scenario',
6 verbose install     'grunt-karma',
6 verbose install     'karma-firefox-launcher',
6 verbose install     'karma-script-launcher',
6 verbose install     'karma-html2js-preprocessor',
6 verbose install     'karma-jasmine',
6 verbose install     'karma-chrome-launcher',
6 verbose install     'requirejs',
6 verbose install     'karma-requirejs',
6 verbose install     'karma-coffee-preprocessor',
6 verbose install     'karma-phantomjs-launcher',
6 verbose install     'karma',
6 verbose install     'karma-ng-html2js-preprocessor',
6 verbose install     'grunt-mocha-test',
6 verbose install     'supertest',
6 verbose install     'should',
6 verbose install     'grunt-env',
6 verbose install     'grunt-node-inspector',
6 verbose install     'grunt-nodemon',
6 verbose install     'open' ] ]
7 info preinstall tornado@0.0.0
8 verbose readDependencies using package.json deps
9 verbose cache add [ 'method-override@~1.0.0', null ]
10 verbose cache add name=undefined spec="method-override@~1.0.0" args=["method-override@~1.0.0",null]
11 verbose parsed url { protocol: null,
11 verbose parsed url   slashes: null,
11 verbose parsed url   auth: null,
11 verbose parsed url   host: null,
11 verbose parsed url   port: null,
11 verbose parsed url   hostname: null,
11 verbose parsed url   hash: null,
11 verbose parsed url   search: null,
11 verbose parsed url   query: null,
11 verbose parsed url   pathname: 'method-override@~1.0.0',
11 verbose parsed url   path: 'method-override@~1.0.0',
11 verbose parsed url   href: 'method-override@~1.0.0' }
12 verbose cache add name="method-override" spec="~1.0.0" args=["method-override","~1.0.0"]
13 verbose parsed url { protocol: null,
13 verbose parsed url   slashes: null,
13 verbose parsed url   auth: null,
13 verbose parsed url   host: null,
13 verbose parsed url   port: null,
13 verbose parsed url   hostname: null,
13 verbose parsed url   hash: null,
13 verbose parsed url   search: null,
13 verbose parsed url   query: null,
13 verbose parsed url   pathname: '~1.0.0',
13 verbose parsed url   path: '~1.0.0',
13 verbose parsed url   href: '~1.0.0' }
14 verbose addNamed [ 'method-override', '~1.0.0' ]
15 verbose addNamed [ null, '>=1.0.0-0 <1.1.0-0' ]
16 verbose cache add [ 'body-parser@~1.0.0', null ]
17 verbose cache add name=undefined spec="body-parser@~1.0.0" args=["body-parser@~1.0.0",null]
18 verbose parsed url { protocol: null,
18 verbose parsed url   slashes: null,
18 verbose parsed url   auth: null,
18 verbose parsed url   host: null,
18 verbose parsed url   port: null,
18 verbose parsed url   hostname: null,
18 verbose parsed url   hash: null,
18 verbose parsed url   search: null,
18 verbose parsed url   query: null,
18 verbose parsed url   pathname: 'body-parser@~1.0.0',
18 verbose parsed url   path: 'body-parser@~1.0.0',
18 verbose parsed url   href: 'body-parser@~1.0.0' }
19 verbose cache add name="body-parser" spec="~1.0.0" args=["body-parser","~1.0.0"]
20 verbose parsed url { protocol: null,
20 verbose parsed url   slashes: null,
20 verbose parsed url   auth: null,
20 verbose parsed url   host: null,
20 verbose parsed url   port: null,
20 verbose parsed url   hostname: null,
20 verbose parsed url   hash: null,
20 verbose parsed url   search: null,
20 verbose parsed url   query: null,
20 verbose parsed url   pathname: '~1.0.0',
20 verbose parsed url   path: '~1.0.0',
20 verbose parsed url   href: '~1.0.0' }
21 verbose addNamed [ 'body-parser', '~1.0.0' ]
22 verbose addNamed [ null, '>=1.0.0-0 <1.1.0-0' ]
23 verbose cache add [ 'static-favicon@~1.0.1', null ]
24 verbose cache add name=undefined spec="static-favicon@~1.0.1" args=["static-favicon@~1.0.1",null]
25 verbose parsed url { protocol: null,
25 verbose parsed url   slashes: null,
25 verbose parsed url   auth: null,
25 verbose parsed url   host: null,
25 verbose parsed url   port: null,
25 verbose parsed url   hostname: null,
25 verbose parsed url   hash: null,
25 verbose parsed url   search: null,
25 verbose parsed url   query: null,
25 verbose parsed url   pathname: 'static-favicon@~1.0.1',
25 verbose parsed url   path: 'static-favicon@~1.0.1',
25 verbose parsed url   href: 'static-favicon@~1.0.1' }
26 verbose cache add name="static-favicon" spec="~1.0.1" args=["static-favicon","~1.0.1"]
27 verbose parsed url { protocol: null,
27 verbose parsed url   slashes: null,
27 verbose parsed url   auth: null,
27 verbose parsed url   host: null,
27 verbose parsed url   port: null,
27 verbose parsed url   hostname: null,
27 verbose parsed url   hash: null,
27 verbose parsed url   search: null,
27 verbose parsed url   query: null,
27 verbose parsed url   pathname: '~1.0.1',
27 verbose parsed url   path: '~1.0.1',
27 verbose parsed url   href: '~1.0.1' }
28 verbose addNamed [ 'static-favicon', '~1.0.1' ]
29 verbose addNamed [ null, '>=1.0.1-0 <1.1.0-0' ]
30 silly lockFile 75669156-method-override-1-0-0 method-override@~1.0.0
31 verbose lock method-override@~1.0.0 /Users/oliviercolonna/.npm/75669156-method-override-1-0-0.lock
32 silly lockFile 9ca6d1f0-body-parser-1-0-0 body-parser@~1.0.0
33 verbose lock body-parser@~1.0.0 /Users/oliviercolonna/.npm/9ca6d1f0-body-parser-1-0-0.lock
34 silly lockFile c8600030-static-favicon-1-0-1 static-favicon@~1.0.1
35 verbose lock static-favicon@~1.0.1 /Users/oliviercolonna/.npm/c8600030-static-favicon-1-0-1.lock
36 verbose cache add [ 'cookie-parser@~1.0.1', null ]
37 verbose cache add name=undefined spec="cookie-parser@~1.0.1" args=["cookie-parser@~1.0.1",null]
38 verbose parsed url { protocol: null,
38 verbose parsed url   slashes: null,
38 verbose parsed url   auth: null,
38 verbose parsed url   host: null,
38 verbose parsed url   port: null,
38 verbose parsed url   hostname: null,
38 verbose parsed url   hash: null,
38 verbose parsed url   search: null,
38 verbose parsed url   query: null,
38 verbose parsed url   pathname: 'cookie-parser@~1.0.1',
38 verbose parsed url   path: 'cookie-parser@~1.0.1',
38 verbose parsed url   href: 'cookie-parser@~1.0.1' }
39 verbose cache add name="cookie-parser" spec="~1.0.1" args=["cookie-parser","~1.0.1"]
40 verbose parsed url { protocol: null,
40 verbose parsed url   slashes: null,
40 verbose parsed url   auth: null,
40 verbose parsed url   host: null,
40 verbose parsed url   port: null,
40 verbose parsed url   hostname: null,
40 verbose parsed url   hash: null,
40 verbose parsed url   search: null,
40 verbose parsed url   query: null,
40 verbose parsed url   pathname: '~1.0.1',
40 verbose parsed url   path: '~1.0.1',
40 verbose parsed url   href: '~1.0.1' }
41 verbose addNamed [ 'cookie-parser', '~1.0.1' ]
42 verbose addNamed [ null, '>=1.0.1-0 <1.1.0-0' ]
43 silly lockFile 8e5bf42e-cookie-parser-1-0-1 cookie-parser@~1.0.1
44 verbose lock cookie-parser@~1.0.1 /Users/oliviercolonna/.npm/8e5bf42e-cookie-parser-1-0-1.lock
45 verbose cache add [ 'express-session@~1.0.2', null ]
46 verbose cache add name=undefined spec="express-session@~1.0.2" args=["express-session@~1.0.2",null]
47 verbose parsed url { protocol: null,
47 verbose parsed url   slashes: null,
47 verbose parsed url   auth: null,
47 verbose parsed url   host: null,
47 verbose parsed url   port: null,
47 verbose parsed url   hostname: null,
47 verbose parsed url   hash: null,
47 verbose parsed url   search: null,
47 verbose parsed url   query: null,
47 verbose parsed url   pathname: 'express-session@~1.0.2',
47 verbose parsed url   path: 'express-session@~1.0.2',
47 verbose parsed url   href: 'express-session@~1.0.2' }
48 verbose cache add name="express-session" spec="~1.0.2" args=["express-session","~1.0.2"]
49 verbose parsed url { protocol: null,
49 verbose parsed url   slashes: null,
49 verbose parsed url   auth: null,
49 verbose parsed url   host: null,
49 verbose parsed url   port: null,
49 verbose parsed url   hostname: null,
49 verbose parsed url   hash: null,
49 verbose parsed url   search: null,
49 verbose parsed url   query: null,
49 verbose parsed url   pathname: '~1.0.2',
49 verbose parsed url   path: '~1.0.2',
49 verbose parsed url   href: '~1.0.2' }
50 verbose addNamed [ 'express-session', '~1.0.2' ]
51 verbose addNamed [ null, '>=1.0.2-0 <1.1.0-0' ]
52 silly lockFile 286922d5-express-session-1-0-2 express-session@~1.0.2
53 verbose lock express-session@~1.0.2 /Users/oliviercolonna/.npm/286922d5-express-session-1-0-2.lock
54 verbose cache add [ 'errorhandler@~1.0.0', null ]
55 verbose cache add name=undefined spec="errorhandler@~1.0.0" args=["errorhandler@~1.0.0",null]
56 verbose parsed url { protocol: null,
56 verbose parsed url   slashes: null,
56 verbose parsed url   auth: null,
56 verbose parsed url   host: null,
56 verbose parsed url   port: null,
56 verbose parsed url   hostname: null,
56 verbose parsed url   hash: null,
56 verbose parsed url   search: null,
56 verbose parsed url   query: null,
56 verbose parsed url   pathname: 'errorhandler@~1.0.0',
56 verbose parsed url   path: 'errorhandler@~1.0.0',
56 verbose parsed url   href: 'errorhandler@~1.0.0' }
57 verbose cache add name="errorhandler" spec="~1.0.0" args=["errorhandler","~1.0.0"]
58 verbose parsed url { protocol: null,
58 verbose parsed url   slashes: null,
58 verbose parsed url   auth: null,
58 verbose parsed url   host: null,
58 verbose parsed url   port: null,
58 verbose parsed url   hostname: null,
58 verbose parsed url   hash: null,
58 verbose parsed url   search: null,
58 verbose parsed url   query: null,
58 verbose parsed url   pathname: '~1.0.0',
58 verbose parsed url   path: '~1.0.0',
58 verbose parsed url   href: '~1.0.0' }
59 verbose addNamed [ 'errorhandler', '~1.0.0' ]
60 verbose addNamed [ null, '>=1.0.0-0 <1.1.0-0' ]
61 silly lockFile 7721786e-errorhandler-1-0-0 errorhandler@~1.0.0
62 verbose lock errorhandler@~1.0.0 /Users/oliviercolonna/.npm/7721786e-errorhandler-1-0-0.lock
63 verbose cache add [ 'compression@~1.0.1', null ]
64 verbose cache add name=undefined spec="compression@~1.0.1" args=["compression@~1.0.1",null]
65 verbose parsed url { protocol: null,
65 verbose parsed url   slashes: null,
65 verbose parsed url   auth: null,
65 verbose parsed url   host: null,
65 verbose parsed url   port: null,
65 verbose parsed url   hostname: null,
65 verbose parsed url   hash: null,
65 verbose parsed url   search: null,
65 verbose parsed url   query: null,
65 verbose parsed url   pathname: 'compression@~1.0.1',
65 verbose parsed url   path: 'compression@~1.0.1',
65 verbose parsed url   href: 'compression@~1.0.1' }
66 verbose cache add name="compression" spec="~1.0.1" args=["compression","~1.0.1"]
67 verbose parsed url { protocol: null,
67 verbose parsed url   slashes: null,
67 verbose parsed url   auth: null,
67 verbose parsed url   host: null,
67 verbose parsed url   port: null,
67 verbose parsed url   hostname: null,
67 verbose parsed url   hash: null,
67 verbose parsed url   search: null,
67 verbose parsed url   query: null,
67 verbose parsed url   pathname: '~1.0.1',
67 verbose parsed url   path: '~1.0.1',
67 verbose parsed url   href: '~1.0.1' }
68 verbose addNamed [ 'compression', '~1.0.1' ]
69 verbose addNamed [ null, '>=1.0.1-0 <1.1.0-0' ]
70 silly lockFile c4743765-compression-1-0-1 compression@~1.0.1
71 verbose lock compression@~1.0.1 /Users/oliviercolonna/.npm/c4743765-compression-1-0-1.lock
72 verbose cache add [ 'lodash@~2.4.1', null ]
73 verbose cache add name=undefined spec="lodash@~2.4.1" args=["lodash@~2.4.1",null]
74 verbose parsed url { protocol: null,
74 verbose parsed url   slashes: null,
74 verbose parsed url   auth: null,
74 verbose parsed url   host: null,
74 verbose parsed url   port: null,
74 verbose parsed url   hostname: null,
74 verbose parsed url   hash: null,
74 verbose parsed url   search: null,
74 verbose parsed url   query: null,
74 verbose parsed url   pathname: 'lodash@~2.4.1',
74 verbose parsed url   path: 'lodash@~2.4.1',
74 verbose parsed url   href: 'lodash@~2.4.1' }
75 verbose cache add name="lodash" spec="~2.4.1" args=["lodash","~2.4.1"]
76 verbose parsed url { protocol: null,
76 verbose parsed url   slashes: null,
76 verbose parsed url   auth: null,
76 verbose parsed url   host: null,
76 verbose parsed url   port: null,
76 verbose parsed url   hostname: null,
76 verbose parsed url   hash: null,
76 verbose parsed url   search: null,
76 verbose parsed url   query: null,
76 verbose parsed url   pathname: '~2.4.1',
76 verbose parsed url   path: '~2.4.1',
76 verbose parsed url   href: '~2.4.1' }
77 verbose addNamed [ 'lodash', '~2.4.1' ]
78 verbose addNamed [ null, '>=2.4.1-0 <2.5.0-0' ]
79 silly lockFile 257f9ab3-lodash-2-4-1 lodash@~2.4.1
80 verbose lock lodash@~2.4.1 /Users/oliviercolonna/.npm/257f9ab3-lodash-2-4-1.lock
81 verbose cache add [ 'mongodb@', null ]
82 verbose cache add name=undefined spec="mongodb@" args=["mongodb@",null]
83 verbose parsed url { protocol: null,
83 verbose parsed url   slashes: null,
83 verbose parsed url   auth: null,
83 verbose parsed url   host: null,
83 verbose parsed url   port: null,
83 verbose parsed url   hostname: null,
83 verbose parsed url   hash: null,
83 verbose parsed url   search: null,
83 verbose parsed url   query: null,
83 verbose parsed url   pathname: 'mongodb@',
83 verbose parsed url   path: 'mongodb@',
83 verbose parsed url   href: 'mongodb@' }
84 verbose cache add name="mongodb" spec="" args=["mongodb",""]
85 verbose parsed url { protocol: null,
85 verbose parsed url   slashes: null,
85 verbose parsed url   auth: null,
85 verbose parsed url   host: null,
85 verbose parsed url   port: null,
85 verbose parsed url   hostname: null,
85 verbose parsed url   hash: null,
85 verbose parsed url   search: null,
85 verbose parsed url   query: null,
85 verbose parsed url   pathname: null,
85 verbose parsed url   path: null,
85 verbose parsed url   href: '' }
86 verbose addNamed [ 'mongodb', '' ]
87 verbose addNamed [ null, '*' ]
88 silly lockFile 886df635-mongodb mongodb@
89 verbose lock mongodb@ /Users/oliviercolonna/.npm/886df635-mongodb.lock
90 verbose cache add [ 'mongoose@~3.8.8', null ]
91 verbose cache add name=undefined spec="mongoose@~3.8.8" args=["mongoose@~3.8.8",null]
92 verbose parsed url { protocol: null,
92 verbose parsed url   slashes: null,
92 verbose parsed url   auth: null,
92 verbose parsed url   host: null,
92 verbose parsed url   port: null,
92 verbose parsed url   hostname: null,
92 verbose parsed url   hash: null,
92 verbose parsed url   search: null,
92 verbose parsed url   query: null,
92 verbose parsed url   pathname: 'mongoose@~3.8.8',
92 verbose parsed url   path: 'mongoose@~3.8.8',
92 verbose parsed url   href: 'mongoose@~3.8.8' }
93 verbose cache add name="mongoose" spec="~3.8.8" args=["mongoose","~3.8.8"]
94 verbose parsed url { protocol: null,
94 verbose parsed url   slashes: null,
94 verbose parsed url   auth: null,
94 verbose parsed url   host: null,
94 verbose parsed url   port: null,
94 verbose parsed url   hostname: null,
94 verbose parsed url   hash: null,
94 verbose parsed url   search: null,
94 verbose parsed url   query: null,
94 verbose parsed url   pathname: '~3.8.8',
94 verbose parsed url   path: '~3.8.8',
94 verbose parsed url   href: '~3.8.8' }
95 verbose addNamed [ 'mongoose', '~3.8.8' ]
96 verbose addNamed [ null, '>=3.8.8-0 <3.9.0-0' ]
97 silly lockFile a99f28d1-mongoose-3-8-8 mongoose@~3.8.8
98 verbose lock mongoose@~3.8.8 /Users/oliviercolonna/.npm/a99f28d1-mongoose-3-8-8.lock
99 verbose cache add [ 'connect-mongo@mrzepinski/connect-mongo#2135988', null ]
100 verbose cache add name=undefined spec="connect-mongo@mrzepinski/connect-mongo#2135988" args=["connect-mongo@mrzepinski/connect-mongo#2135988",null]
101 verbose parsed url { protocol: null,
101 verbose parsed url   slashes: null,
101 verbose parsed url   auth: null,
101 verbose parsed url   host: null,
101 verbose parsed url   port: null,
101 verbose parsed url   hostname: null,
101 verbose parsed url   hash: '#2135988',
101 verbose parsed url   search: null,
101 verbose parsed url   query: null,
101 verbose parsed url   pathname: 'connect-mongo@mrzepinski/connect-mongo',
101 verbose parsed url   path: 'connect-mongo@mrzepinski/connect-mongo',
101 verbose parsed url   href: 'connect-mongo@mrzepinski/connect-mongo#2135988' }
102 verbose cache add [ 'passport@~0.2.0', null ]
103 verbose cache add name=undefined spec="passport@~0.2.0" args=["passport@~0.2.0",null]
104 verbose parsed url { protocol: null,
104 verbose parsed url   slashes: null,
104 verbose parsed url   auth: null,
104 verbose parsed url   host: null,
104 verbose parsed url   port: null,
104 verbose parsed url   hostname: null,
104 verbose parsed url   hash: null,
104 verbose parsed url   search: null,
104 verbose parsed url   query: null,
104 verbose parsed url   pathname: 'passport@~0.2.0',
104 verbose parsed url   path: 'passport@~0.2.0',
104 verbose parsed url   href: 'passport@~0.2.0' }
105 verbose cache add name="passport" spec="~0.2.0" args=["passport","~0.2.0"]
106 verbose parsed url { protocol: null,
106 verbose parsed url   slashes: null,
106 verbose parsed url   auth: null,
106 verbose parsed url   host: null,
106 verbose parsed url   port: null,
106 verbose parsed url   hostname: null,
106 verbose parsed url   hash: null,
106 verbose parsed url   search: null,
106 verbose parsed url   query: null,
106 verbose parsed url   pathname: '~0.2.0',
106 verbose parsed url   path: '~0.2.0',
106 verbose parsed url   href: '~0.2.0' }
107 verbose addNamed [ 'passport', '~0.2.0' ]
108 verbose addNamed [ null, '>=0.2.0-0 <0.3.0-0' ]
109 silly lockFile 3c817d05-passport-0-2-0 passport@~0.2.0
110 verbose lock passport@~0.2.0 /Users/oliviercolonna/.npm/3c817d05-passport-0-2-0.lock
111 verbose cache add name="connect-mongo" spec="mrzepinski/connect-mongo#2135988" args=["connect-mongo","mrzepinski/connect-mongo#2135988"]
112 verbose parsed url { protocol: null,
112 verbose parsed url   slashes: null,
112 verbose parsed url   auth: null,
112 verbose parsed url   host: null,
112 verbose parsed url   port: null,
112 verbose parsed url   hostname: null,
112 verbose parsed url   hash: '#2135988',
112 verbose parsed url   search: null,
112 verbose parsed url   query: null,
112 verbose parsed url   pathname: 'mrzepinski/connect-mongo',
112 verbose parsed url   path: 'mrzepinski/connect-mongo',
112 verbose parsed url   href: 'mrzepinski/connect-mongo#2135988' }
113 verbose addNamed [ 'connect-mongo', 'mrzepinski/connect-mongo#2135988' ]
114 verbose addNamed [ null, null ]
115 silly lockFile 93a216bd-mrzepinski-connect-mongo-2135988 connect-mongo@mrzepinski/connect-mongo#2135988
116 verbose lock connect-mongo@mrzepinski/connect-mongo#2135988 /Users/oliviercolonna/.npm/93a216bd-mrzepinski-connect-mongo-2135988.lock
117 verbose cache add [ 'passport-local@~0.1.6', null ]
118 verbose cache add name=undefined spec="passport-local@~0.1.6" args=["passport-local@~0.1.6",null]
119 verbose parsed url { protocol: null,
119 verbose parsed url   slashes: null,
119 verbose parsed url   auth: null,
119 verbose parsed url   host: null,
119 verbose parsed url   port: null,
119 verbose parsed url   hostname: null,
119 verbose parsed url   hash: null,
119 verbose parsed url   search: null,
119 verbose parsed url   query: null,
119 verbose parsed url   pathname: 'passport-local@~0.1.6',
119 verbose parsed url   path: 'passport-local@~0.1.6',
119 verbose parsed url   href: 'passport-local@~0.1.6' }
120 verbose cache add name="passport-local" spec="~0.1.6" args=["passport-local","~0.1.6"]
121 verbose parsed url { protocol: null,
121 verbose parsed url   slashes: null,
121 verbose parsed url   auth: null,
121 verbose parsed url   host: null,
121 verbose parsed url   port: null,
121 verbose parsed url   hostname: null,
121 verbose parsed url   hash: null,
121 verbose parsed url   search: null,
121 verbose parsed url   query: null,
121 verbose parsed url   pathname: '~0.1.6',
121 verbose parsed url   path: '~0.1.6',
121 verbose parsed url   href: '~0.1.6' }
122 verbose addNamed [ 'passport-local', '~0.1.6' ]
123 verbose addNamed [ null, '>=0.1.6-0 <0.2.0-0' ]
124 silly lockFile 1de19954-passport-local-0-1-6 passport-local@~0.1.6
125 verbose lock passport-local@~0.1.6 /Users/oliviercolonna/.npm/1de19954-passport-local-0-1-6.lock
126 verbose cache add [ 'ejs@~0.8.4', null ]
127 verbose cache add name=undefined spec="ejs@~0.8.4" args=["ejs@~0.8.4",null]
128 verbose parsed url { protocol: null,
128 verbose parsed url   slashes: null,
128 verbose parsed url   auth: null,
128 verbose parsed url   host: null,
128 verbose parsed url   port: null,
128 verbose parsed url   hostname: null,
128 verbose parsed url   hash: null,
128 verbose parsed url   search: null,
128 verbose parsed url   query: null,
128 verbose parsed url   pathname: 'ejs@~0.8.4',
128 verbose parsed url   path: 'ejs@~0.8.4',
128 verbose parsed url   href: 'ejs@~0.8.4' }
129 verbose cache add name="ejs" spec="~0.8.4" args=["ejs","~0.8.4"]
130 verbose parsed url { protocol: null,
130 verbose parsed url   slashes: null,
130 verbose parsed url   auth: null,
130 verbose parsed url   host: null,
130 verbose parsed url   port: null,
130 verbose parsed url   hostname: null,
130 verbose parsed url   hash: null,
130 verbose parsed url   search: null,
130 verbose parsed url   query: null,
130 verbose parsed url   pathname: '~0.8.4',
130 verbose parsed url   path: '~0.8.4',
130 verbose parsed url   href: '~0.8.4' }
131 verbose addNamed [ 'ejs', '~0.8.4' ]
132 verbose addNamed [ null, '>=0.8.4-0 <0.9.0-0' ]
133 silly lockFile 7c53a393-ejs-0-8-4 ejs@~0.8.4
134 verbose lock ejs@~0.8.4 /Users/oliviercolonna/.npm/7c53a393-ejs-0-8-4.lock
135 verbose already installed skipping grunt@~0.4.1 /Users/oliviercolonna/Desktop/Freelance/compass
136 verbose cache add [ 'grunt-autoprefixer@~0.4.0', null ]
137 verbose cache add name=undefined spec="grunt-autoprefixer@~0.4.0" args=["grunt-autoprefixer@~0.4.0",null]
138 verbose parsed url { protocol: null,
138 verbose parsed url   slashes: null,
138 verbose parsed url   auth: null,
138 verbose parsed url   host: null,
138 verbose parsed url   port: null,
138 verbose parsed url   hostname: null,
138 verbose parsed url   hash: null,
138 verbose parsed url   search: null,
138 verbose parsed url   query: null,
138 verbose parsed url   pathname: 'grunt-autoprefixer@~0.4.0',
138 verbose parsed url   path: 'grunt-autoprefixer@~0.4.0',
138 verbose parsed url   href: 'grunt-autoprefixer@~0.4.0' }
139 verbose cache add name="grunt-autoprefixer" spec="~0.4.0" args=["grunt-autoprefixer","~0.4.0"]
140 verbose parsed url { protocol: null,
140 verbose parsed url   slashes: null,
140 verbose parsed url   auth: null,
140 verbose parsed url   host: null,
140 verbose parsed url   port: null,
140 verbose parsed url   hostname: null,
140 verbose parsed url   hash: null,
140 verbose parsed url   search: null,
140 verbose parsed url   query: null,
140 verbose parsed url   pathname: '~0.4.0',
140 verbose parsed url   path: '~0.4.0',
140 verbose parsed url   href: '~0.4.0' }
141 verbose addNamed [ 'grunt-autoprefixer', '~0.4.0' ]
142 verbose addNamed [ null, '>=0.4.0-0 <0.5.0-0' ]
143 silly lockFile 7c04b00b-grunt-autoprefixer-0-4-0 grunt-autoprefixer@~0.4.0
144 verbose lock grunt-autoprefixer@~0.4.0 /Users/oliviercolonna/.npm/7c04b00b-grunt-autoprefixer-0-4-0.lock
145 verbose cache add [ 'grunt-bower-install@~0.7.0', null ]
146 verbose cache add name=undefined spec="grunt-bower-install@~0.7.0" args=["grunt-bower-install@~0.7.0",null]
147 verbose parsed url { protocol: null,
147 verbose parsed url   slashes: null,
147 verbose parsed url   auth: null,
147 verbose parsed url   host: null,
147 verbose parsed url   port: null,
147 verbose parsed url   hostname: null,
147 verbose parsed url   hash: null,
147 verbose parsed url   search: null,
147 verbose parsed url   query: null,
147 verbose parsed url   pathname: 'grunt-bower-install@~0.7.0',
147 verbose parsed url   path: 'grunt-bower-install@~0.7.0',
147 verbose parsed url   href: 'grunt-bower-install@~0.7.0' }
148 verbose cache add name="grunt-bower-install" spec="~0.7.0" args=["grunt-bower-install","~0.7.0"]
149 verbose parsed url { protocol: null,
149 verbose parsed url   slashes: null,
149 verbose parsed url   auth: null,
149 verbose parsed url   host: null,
149 verbose parsed url   port: null,
149 verbose parsed url   hostname: null,
149 verbose parsed url   hash: null,
149 verbose parsed url   search: null,
149 verbose parsed url   query: null,
149 verbose parsed url   pathname: '~0.7.0',
149 verbose parsed url   path: '~0.7.0',
149 verbose parsed url   href: '~0.7.0' }
150 verbose addNamed [ 'grunt-bower-install', '~0.7.0' ]
151 verbose addNamed [ null, '>=0.7.0-0 <0.8.0-0' ]
152 silly lockFile 26c9e109-grunt-bower-install-0-7-0 grunt-bower-install@~0.7.0
153 verbose lock grunt-bower-install@~0.7.0 /Users/oliviercolonna/.npm/26c9e109-grunt-bower-install-0-7-0.lock
154 verbose cache add [ 'grunt-concurrent@~0.4.1', null ]
155 verbose cache add name=undefined spec="grunt-concurrent@~0.4.1" args=["grunt-concurrent@~0.4.1",null]
156 verbose parsed url { protocol: null,
156 verbose parsed url   slashes: null,
156 verbose parsed url   auth: null,
156 verbose parsed url   host: null,
156 verbose parsed url   port: null,
156 verbose parsed url   hostname: null,
156 verbose parsed url   hash: null,
156 verbose parsed url   search: null,
156 verbose parsed url   query: null,
156 verbose parsed url   pathname: 'grunt-concurrent@~0.4.1',
156 verbose parsed url   path: 'grunt-concurrent@~0.4.1',
156 verbose parsed url   href: 'grunt-concurrent@~0.4.1' }
157 verbose cache add name="grunt-concurrent" spec="~0.4.1" args=["grunt-concurrent","~0.4.1"]
158 verbose parsed url { protocol: null,
158 verbose parsed url   slashes: null,
158 verbose parsed url   auth: null,
158 verbose parsed url   host: null,
158 verbose parsed url   port: null,
158 verbose parsed url   hostname: null,
158 verbose parsed url   hash: null,
158 verbose parsed url   search: null,
158 verbose parsed url   query: null,
158 verbose parsed url   pathname: '~0.4.1',
158 verbose parsed url   path: '~0.4.1',
158 verbose parsed url   href: '~0.4.1' }
159 verbose addNamed [ 'grunt-concurrent', '~0.4.1' ]
160 verbose addNamed [ null, '>=0.4.1-0 <0.5.0-0' ]
161 silly lockFile 3c1289cb-grunt-concurrent-0-4-1 grunt-concurrent@~0.4.1
162 verbose lock grunt-concurrent@~0.4.1 /Users/oliviercolonna/.npm/3c1289cb-grunt-concurrent-0-4-1.lock
163 verbose cache add [ 'grunt-contrib-clean@~0.5.0', null ]
164 verbose cache add name=undefined spec="grunt-contrib-clean@~0.5.0" args=["grunt-contrib-clean@~0.5.0",null]
165 verbose parsed url { protocol: null,
165 verbose parsed url   slashes: null,
165 verbose parsed url   auth: null,
165 verbose parsed url   host: null,
165 verbose parsed url   port: null,
165 verbose parsed url   hostname: null,
165 verbose parsed url   hash: null,
165 verbose parsed url   search: null,
165 verbose parsed url   query: null,
165 verbose parsed url   pathname: 'grunt-contrib-clean@~0.5.0',
165 verbose parsed url   path: 'grunt-contrib-clean@~0.5.0',
165 verbose parsed url   href: 'grunt-contrib-clean@~0.5.0' }
166 verbose cache add name="grunt-contrib-clean" spec="~0.5.0" args=["grunt-contrib-clean","~0.5.0"]
167 verbose parsed url { protocol: null,
167 verbose parsed url   slashes: null,
167 verbose parsed url   auth: null,
167 verbose parsed url   host: null,
167 verbose parsed url   port: null,
167 verbose parsed url   hostname: null,
167 verbose parsed url   hash: null,
167 verbose parsed url   search: null,
167 verbose parsed url   query: null,
167 verbose parsed url   pathname: '~0.5.0',
167 verbose parsed url   path: '~0.5.0',
167 verbose parsed url   href: '~0.5.0' }
168 verbose addNamed [ 'grunt-contrib-clean', '~0.5.0' ]
169 verbose addNamed [ null, '>=0.5.0-0 <0.6.0-0' ]
170 silly lockFile 83f743bc-grunt-contrib-clean-0-5-0 grunt-contrib-clean@~0.5.0
171 verbose lock grunt-contrib-clean@~0.5.0 /Users/oliviercolonna/.npm/83f743bc-grunt-contrib-clean-0-5-0.lock
172 verbose cache add [ 'grunt-contrib-coffee@~0.7.0', null ]
173 verbose cache add name=undefined spec="grunt-contrib-coffee@~0.7.0" args=["grunt-contrib-coffee@~0.7.0",null]
174 verbose parsed url { protocol: null,
174 verbose parsed url   slashes: null,
174 verbose parsed url   auth: null,
174 verbose parsed url   host: null,
174 verbose parsed url   port: null,
174 verbose parsed url   hostname: null,
174 verbose parsed url   hash: null,
174 verbose parsed url   search: null,
174 verbose parsed url   query: null,
174 verbose parsed url   pathname: 'grunt-contrib-coffee@~0.7.0',
174 verbose parsed url   path: 'grunt-contrib-coffee@~0.7.0',
174 verbose parsed url   href: 'grunt-contrib-coffee@~0.7.0' }
175 verbose cache add name="grunt-contrib-coffee" spec="~0.7.0" args=["grunt-contrib-coffee","~0.7.0"]
176 verbose parsed url { protocol: null,
176 verbose parsed url   slashes: null,
176 verbose parsed url   auth: null,
176 verbose parsed url   host: null,
176 verbose parsed url   port: null,
176 verbose parsed url   hostname: null,
176 verbose parsed url   hash: null,
176 verbose parsed url   search: null,
176 verbose parsed url   query: null,
176 verbose parsed url   pathname: '~0.7.0',
176 verbose parsed url   path: '~0.7.0',
176 verbose parsed url   href: '~0.7.0' }
177 verbose addNamed [ 'grunt-contrib-coffee', '~0.7.0' ]
178 verbose addNamed [ null, '>=0.7.0-0 <0.8.0-0' ]
179 silly lockFile 2d9311bb-grunt-contrib-coffee-0-7-0 grunt-contrib-coffee@~0.7.0
180 verbose lock grunt-contrib-coffee@~0.7.0 /Users/oliviercolonna/.npm/2d9311bb-grunt-contrib-coffee-0-7-0.lock
181 verbose cache add [ 'grunt-contrib-compass@~0.6.0', null ]
182 verbose cache add name=undefined spec="grunt-contrib-compass@~0.6.0" args=["grunt-contrib-compass@~0.6.0",null]
183 verbose parsed url { protocol: null,
183 verbose parsed url   slashes: null,
183 verbose parsed url   auth: null,
183 verbose parsed url   host: null,
183 verbose parsed url   port: null,
183 verbose parsed url   hostname: null,
183 verbose parsed url   hash: null,
183 verbose parsed url   search: null,
183 verbose parsed url   query: null,
183 verbose parsed url   pathname: 'grunt-contrib-compass@~0.6.0',
183 verbose parsed url   path: 'grunt-contrib-compass@~0.6.0',
183 verbose parsed url   href: 'grunt-contrib-compass@~0.6.0' }
184 verbose cache add name="grunt-contrib-compass" spec="~0.6.0" args=["grunt-contrib-compass","~0.6.0"]
185 verbose parsed url { protocol: null,
185 verbose parsed url   slashes: null,
185 verbose parsed url   auth: null,
185 verbose parsed url   host: null,
185 verbose parsed url   port: null,
185 verbose parsed url   hostname: null,
185 verbose parsed url   hash: null,
185 verbose parsed url   search: null,
185 verbose parsed url   query: null,
185 verbose parsed url   pathname: '~0.6.0',
185 verbose parsed url   path: '~0.6.0',
185 verbose parsed url   href: '~0.6.0' }
186 verbose addNamed [ 'grunt-contrib-compass', '~0.6.0' ]
187 verbose addNamed [ null, '>=0.6.0-0 <0.7.0-0' ]
188 silly lockFile 385c909a-grunt-contrib-compass-0-6-0 grunt-contrib-compass@~0.6.0
189 verbose lock grunt-contrib-compass@~0.6.0 /Users/oliviercolonna/.npm/385c909a-grunt-contrib-compass-0-6-0.lock
190 verbose cache add [ 'grunt-contrib-concat@~0.3.0', null ]
191 verbose cache add name=undefined spec="grunt-contrib-concat@~0.3.0" args=["grunt-contrib-concat@~0.3.0",null]
192 verbose parsed url { protocol: null,
192 verbose parsed url   slashes: null,
192 verbose parsed url   auth: null,
192 verbose parsed url   host: null,
192 verbose parsed url   port: null,
192 verbose parsed url   hostname: null,
192 verbose parsed url   hash: null,
192 verbose parsed url   search: null,
192 verbose parsed url   query: null,
192 verbose parsed url   pathname: 'grunt-contrib-concat@~0.3.0',
192 verbose parsed url   path: 'grunt-contrib-concat@~0.3.0',
192 verbose parsed url   href: 'grunt-contrib-concat@~0.3.0' }
193 verbose cache add name="grunt-contrib-concat" spec="~0.3.0" args=["grunt-contrib-concat","~0.3.0"]
194 verbose parsed url { protocol: null,
194 verbose parsed url   slashes: null,
194 verbose parsed url   auth: null,
194 verbose parsed url   host: null,
194 verbose parsed url   port: null,
194 verbose parsed url   hostname: null,
194 verbose parsed url   hash: null,
194 verbose parsed url   search: null,
194 verbose parsed url   query: null,
194 verbose parsed url   pathname: '~0.3.0',
194 verbose parsed url   path: '~0.3.0',
194 verbose parsed url   href: '~0.3.0' }
195 verbose addNamed [ 'grunt-contrib-concat', '~0.3.0' ]
196 verbose addNamed [ null, '>=0.3.0-0 <0.4.0-0' ]
197 silly lockFile 0e44e68e-grunt-contrib-concat-0-3-0 grunt-contrib-concat@~0.3.0
198 verbose lock grunt-contrib-concat@~0.3.0 /Users/oliviercolonna/.npm/0e44e68e-grunt-contrib-concat-0-3-0.lock
199 verbose cache add [ 'grunt-contrib-copy@~0.4.1', null ]
200 verbose cache add name=undefined spec="grunt-contrib-copy@~0.4.1" args=["grunt-contrib-copy@~0.4.1",null]
201 verbose parsed url { protocol: null,
201 verbose parsed url   slashes: null,
201 verbose parsed url   auth: null,
201 verbose parsed url   host: null,
201 verbose parsed url   port: null,
201 verbose parsed url   hostname: null,
201 verbose parsed url   hash: null,
201 verbose parsed url   search: null,
201 verbose parsed url   query: null,
201 verbose parsed url   pathname: 'grunt-contrib-copy@~0.4.1',
201 verbose parsed url   path: 'grunt-contrib-copy@~0.4.1',
201 verbose parsed url   href: 'grunt-contrib-copy@~0.4.1' }
202 verbose cache add name="grunt-contrib-copy" spec="~0.4.1" args=["grunt-contrib-copy","~0.4.1"]
203 verbose parsed url { protocol: null,
203 verbose parsed url   slashes: null,
203 verbose parsed url   auth: null,
203 verbose parsed url   host: null,
203 verbose parsed url   port: null,
203 verbose parsed url   hostname: null,
203 verbose parsed url   hash: null,
203 verbose parsed url   search: null,
203 verbose parsed url   query: null,
203 verbose parsed url   pathname: '~0.4.1',
203 verbose parsed url   path: '~0.4.1',
203 verbose parsed url   href: '~0.4.1' }
204 verbose addNamed [ 'grunt-contrib-copy', '~0.4.1' ]
205 verbose addNamed [ null, '>=0.4.1-0 <0.5.0-0' ]
206 silly lockFile c84f658a-grunt-contrib-copy-0-4-1 grunt-contrib-copy@~0.4.1
207 verbose lock grunt-contrib-copy@~0.4.1 /Users/oliviercolonna/.npm/c84f658a-grunt-contrib-copy-0-4-1.lock
208 verbose cache add [ 'grunt-contrib-cssmin@~0.7.0', null ]
209 verbose cache add name=undefined spec="grunt-contrib-cssmin@~0.7.0" args=["grunt-contrib-cssmin@~0.7.0",null]
210 verbose parsed url { protocol: null,
210 verbose parsed url   slashes: null,
210 verbose parsed url   auth: null,
210 verbose parsed url   host: null,
210 verbose parsed url   port: null,
210 verbose parsed url   hostname: null,
210 verbose parsed url   hash: null,
210 verbose parsed url   search: null,
210 verbose parsed url   query: null,
210 verbose parsed url   pathname: 'grunt-contrib-cssmin@~0.7.0',
210 verbose parsed url   path: 'grunt-contrib-cssmin@~0.7.0',
210 verbose parsed url   href: 'grunt-contrib-cssmin@~0.7.0' }
211 verbose cache add name="grunt-contrib-cssmin" spec="~0.7.0" args=["grunt-contrib-cssmin","~0.7.0"]
212 verbose parsed url { protocol: null,
212 verbose parsed url   slashes: null,
212 verbose parsed url   auth: null,
212 verbose parsed url   host: null,
212 verbose parsed url   port: null,
212 verbose parsed url   hostname: null,
212 verbose parsed url   hash: null,
212 verbose parsed url   search: null,
212 verbose parsed url   query: null,
212 verbose parsed url   pathname: '~0.7.0',
212 verbose parsed url   path: '~0.7.0',
212 verbose parsed url   href: '~0.7.0' }
213 verbose addNamed [ 'grunt-contrib-cssmin', '~0.7.0' ]
214 verbose addNamed [ null, '>=0.7.0-0 <0.8.0-0' ]
215 silly lockFile 77b758e3-grunt-contrib-cssmin-0-7-0 grunt-contrib-cssmin@~0.7.0
216 verbose lock grunt-contrib-cssmin@~0.7.0 /Users/oliviercolonna/.npm/77b758e3-grunt-contrib-cssmin-0-7-0.lock
217 verbose cache add [ 'grunt-contrib-htmlmin@~0.1.3', null ]
218 verbose cache add name=undefined spec="grunt-contrib-htmlmin@~0.1.3" args=["grunt-contrib-htmlmin@~0.1.3",null]
219 verbose parsed url { protocol: null,
219 verbose parsed url   slashes: null,
219 verbose parsed url   auth: null,
219 verbose parsed url   host: null,
219 verbose parsed url   port: null,
219 verbose parsed url   hostname: null,
219 verbose parsed url   hash: null,
219 verbose parsed url   search: null,
219 verbose parsed url   query: null,
219 verbose parsed url   pathname: 'grunt-contrib-htmlmin@~0.1.3',
219 verbose parsed url   path: 'grunt-contrib-htmlmin@~0.1.3',
219 verbose parsed url   href: 'grunt-contrib-htmlmin@~0.1.3' }
220 verbose cache add name="grunt-contrib-htmlmin" spec="~0.1.3" args=["grunt-contrib-htmlmin","~0.1.3"]
221 verbose parsed url { protocol: null,
221 verbose parsed url   slashes: null,
221 verbose parsed url   auth: null,
221 verbose parsed url   host: null,
221 verbose parsed url   port: null,
221 verbose parsed url   hostname: null,
221 verbose parsed url   hash: null,
221 verbose parsed url   search: null,
221 verbose parsed url   query: null,
221 verbose parsed url   pathname: '~0.1.3',
221 verbose parsed url   path: '~0.1.3',
221 verbose parsed url   href: '~0.1.3' }
222 verbose addNamed [ 'grunt-contrib-htmlmin', '~0.1.3' ]
223 verbose addNamed [ null, '>=0.1.3-0 <0.2.0-0' ]
224 silly lockFile 2f1223f9-grunt-contrib-htmlmin-0-1-3 grunt-contrib-htmlmin@~0.1.3
225 verbose lock grunt-contrib-htmlmin@~0.1.3 /Users/oliviercolonna/.npm/2f1223f9-grunt-contrib-htmlmin-0-1-3.lock
226 verbose cache add [ 'grunt-contrib-imagemin@~0.5.0', null ]
227 verbose cache add name=undefined spec="grunt-contrib-imagemin@~0.5.0" args=["grunt-contrib-imagemin@~0.5.0",null]
228 verbose parsed url { protocol: null,
228 verbose parsed url   slashes: null,
228 verbose parsed url   auth: null,
228 verbose parsed url   host: null,
228 verbose parsed url   port: null,
228 verbose parsed url   hostname: null,
228 verbose parsed url   hash: null,
228 verbose parsed url   search: null,
228 verbose parsed url   query: null,
228 verbose parsed url   pathname: 'grunt-contrib-imagemin@~0.5.0',
228 verbose parsed url   path: 'grunt-contrib-imagemin@~0.5.0',
228 verbose parsed url   href: 'grunt-contrib-imagemin@~0.5.0' }
229 verbose cache add name="grunt-contrib-imagemin" spec="~0.5.0" args=["grunt-contrib-imagemin","~0.5.0"]
230 verbose parsed url { protocol: null,
230 verbose parsed url   slashes: null,
230 verbose parsed url   auth: null,
230 verbose parsed url   host: null,
230 verbose parsed url   port: null,
230 verbose parsed url   hostname: null,
230 verbose parsed url   hash: null,
230 verbose parsed url   search: null,
230 verbose parsed url   query: null,
230 verbose parsed url   pathname: '~0.5.0',
230 verbose parsed url   path: '~0.5.0',
230 verbose parsed url   href: '~0.5.0' }
231 verbose addNamed [ 'grunt-contrib-imagemin', '~0.5.0' ]
232 verbose addNamed [ null, '>=0.5.0-0 <0.6.0-0' ]
233 silly lockFile 56c73281-grunt-contrib-imagemin-0-5-0 grunt-contrib-imagemin@~0.5.0
234 verbose lock grunt-contrib-imagemin@~0.5.0 /Users/oliviercolonna/.npm/56c73281-grunt-contrib-imagemin-0-5-0.lock
235 verbose cache add [ 'grunt-contrib-jshint@~0.7.1', null ]
236 verbose cache add name=undefined spec="grunt-contrib-jshint@~0.7.1" args=["grunt-contrib-jshint@~0.7.1",null]
237 verbose parsed url { protocol: null,
237 verbose parsed url   slashes: null,
237 verbose parsed url   auth: null,
237 verbose parsed url   host: null,
237 verbose parsed url   port: null,
237 verbose parsed url   hostname: null,
237 verbose parsed url   hash: null,
237 verbose parsed url   search: null,
237 verbose parsed url   query: null,
237 verbose parsed url   pathname: 'grunt-contrib-jshint@~0.7.1',
237 verbose parsed url   path: 'grunt-contrib-jshint@~0.7.1',
237 verbose parsed url   href: 'grunt-contrib-jshint@~0.7.1' }
238 verbose cache add name="grunt-contrib-jshint" spec="~0.7.1" args=["grunt-contrib-jshint","~0.7.1"]
239 verbose parsed url { protocol: null,
239 verbose parsed url   slashes: null,
239 verbose parsed url   auth: null,
239 verbose parsed url   host: null,
239 verbose parsed url   port: null,
239 verbose parsed url   hostname: null,
239 verbose parsed url   hash: null,
239 verbose parsed url   search: null,
239 verbose parsed url   query: null,
239 verbose parsed url   pathname: '~0.7.1',
239 verbose parsed url   path: '~0.7.1',
239 verbose parsed url   href: '~0.7.1' }
240 verbose addNamed [ 'grunt-contrib-jshint', '~0.7.1' ]
241 verbose addNamed [ null, '>=0.7.1-0 <0.8.0-0' ]
242 silly lockFile ce56e650-grunt-contrib-jshint-0-7-1 grunt-contrib-jshint@~0.7.1
243 verbose lock grunt-contrib-jshint@~0.7.1 /Users/oliviercolonna/.npm/ce56e650-grunt-contrib-jshint-0-7-1.lock
244 verbose cache add [ 'grunt-contrib-uglify@~0.2.0', null ]
245 verbose cache add name=undefined spec="grunt-contrib-uglify@~0.2.0" args=["grunt-contrib-uglify@~0.2.0",null]
246 verbose parsed url { protocol: null,
246 verbose parsed url   slashes: null,
246 verbose parsed url   auth: null,
246 verbose parsed url   host: null,
246 verbose parsed url   port: null,
246 verbose parsed url   hostname: null,
246 verbose parsed url   hash: null,
246 verbose parsed url   search: null,
246 verbose parsed url   query: null,
246 verbose parsed url   pathname: 'grunt-contrib-uglify@~0.2.0',
246 verbose parsed url   path: 'grunt-contrib-uglify@~0.2.0',
246 verbose parsed url   href: 'grunt-contrib-uglify@~0.2.0' }
247 verbose cache add name="grunt-contrib-uglify" spec="~0.2.0" args=["grunt-contrib-uglify","~0.2.0"]
248 verbose parsed url { protocol: null,
248 verbose parsed url   slashes: null,
248 verbose parsed url   auth: null,
248 verbose parsed url   host: null,
248 verbose parsed url   port: null,
248 verbose parsed url   hostname: null,
248 verbose parsed url   hash: null,
248 verbose parsed url   search: null,
248 verbose parsed url   query: null,
248 verbose parsed url   pathname: '~0.2.0',
248 verbose parsed url   path: '~0.2.0',
248 verbose parsed url   href: '~0.2.0' }
249 verbose addNamed [ 'grunt-contrib-uglify', '~0.2.0' ]
250 verbose addNamed [ null, '>=0.2.0-0 <0.3.0-0' ]
251 silly lockFile 2cc6dac2-grunt-contrib-uglify-0-2-0 grunt-contrib-uglify@~0.2.0
252 verbose lock grunt-contrib-uglify@~0.2.0 /Users/oliviercolonna/.npm/2cc6dac2-grunt-contrib-uglify-0-2-0.lock
253 verbose cache add [ 'grunt-contrib-watch@~0.5.2', null ]
254 verbose cache add name=undefined spec="grunt-contrib-watch@~0.5.2" args=["grunt-contrib-watch@~0.5.2",null]
255 verbose parsed url { protocol: null,
255 verbose parsed url   slashes: null,
255 verbose parsed url   auth: null,
255 verbose parsed url   host: null,
255 verbose parsed url   port: null,
255 verbose parsed url   hostname: null,
255 verbose parsed url   hash: null,
255 verbose parsed url   search: null,
255 verbose parsed url   query: null,
255 verbose parsed url   pathname: 'grunt-contrib-watch@~0.5.2',
255 verbose parsed url   path: 'grunt-contrib-watch@~0.5.2',
255 verbose parsed url   href: 'grunt-contrib-watch@~0.5.2' }
256 verbose cache add name="grunt-contrib-watch" spec="~0.5.2" args=["grunt-contrib-watch","~0.5.2"]
257 verbose parsed url { protocol: null,
257 verbose parsed url   slashes: null,
257 verbose parsed url   auth: null,
257 verbose parsed url   host: null,
257 verbose parsed url   port: null,
257 verbose parsed url   hostname: null,
257 verbose parsed url   hash: null,
257 verbose parsed url   search: null,
257 verbose parsed url   query: null,
257 verbose parsed url   pathname: '~0.5.2',
257 verbose parsed url   path: '~0.5.2',
257 verbose parsed url   href: '~0.5.2' }
258 verbose addNamed [ 'grunt-contrib-watch', '~0.5.2' ]
259 verbose addNamed [ null, '>=0.5.2-0 <0.6.0-0' ]
260 silly lockFile a6069a13-grunt-contrib-watch-0-5-2 grunt-contrib-watch@~0.5.2
261 verbose lock grunt-contrib-watch@~0.5.2 /Users/oliviercolonna/.npm/a6069a13-grunt-contrib-watch-0-5-2.lock
262 verbose cache add [ 'grunt-google-cdn@~0.2.0', null ]
263 verbose cache add name=undefined spec="grunt-google-cdn@~0.2.0" args=["grunt-google-cdn@~0.2.0",null]
264 verbose parsed url { protocol: null,
264 verbose parsed url   slashes: null,
264 verbose parsed url   auth: null,
264 verbose parsed url   host: null,
264 verbose parsed url   port: null,
264 verbose parsed url   hostname: null,
264 verbose parsed url   hash: null,
264 verbose parsed url   search: null,
264 verbose parsed url   query: null,
264 verbose parsed url   pathname: 'grunt-google-cdn@~0.2.0',
264 verbose parsed url   path: 'grunt-google-cdn@~0.2.0',
264 verbose parsed url   href: 'grunt-google-cdn@~0.2.0' }
265 verbose cache add name="grunt-google-cdn" spec="~0.2.0" args=["grunt-google-cdn","~0.2.0"]
266 verbose parsed url { protocol: null,
266 verbose parsed url   slashes: null,
266 verbose parsed url   auth: null,
266 verbose parsed url   host: null,
266 verbose parsed url   port: null,
266 verbose parsed url   hostname: null,
266 verbose parsed url   hash: null,
266 verbose parsed url   search: null,
266 verbose parsed url   query: null,
266 verbose parsed url   pathname: '~0.2.0',
266 verbose parsed url   path: '~0.2.0',
266 verbose parsed url   href: '~0.2.0' }
267 verbose addNamed [ 'grunt-google-cdn', '~0.2.0' ]
268 verbose addNamed [ null, '>=0.2.0-0 <0.3.0-0' ]
269 silly lockFile 9c4c1f15-grunt-google-cdn-0-2-0 grunt-google-cdn@~0.2.0
270 verbose lock grunt-google-cdn@~0.2.0 /Users/oliviercolonna/.npm/9c4c1f15-grunt-google-cdn-0-2-0.lock
271 verbose cache add [ 'grunt-newer@~0.5.4', null ]
272 verbose cache add name=undefined spec="grunt-newer@~0.5.4" args=["grunt-newer@~0.5.4",null]
273 verbose parsed url { protocol: null,
273 verbose parsed url   slashes: null,
273 verbose parsed url   auth: null,
273 verbose parsed url   host: null,
273 verbose parsed url   port: null,
273 verbose parsed url   hostname: null,
273 verbose parsed url   hash: null,
273 verbose parsed url   search: null,
273 verbose parsed url   query: null,
273 verbose parsed url   pathname: 'grunt-newer@~0.5.4',
273 verbose parsed url   path: 'grunt-newer@~0.5.4',
273 verbose parsed url   href: 'grunt-newer@~0.5.4' }
274 verbose cache add name="grunt-newer" spec="~0.5.4" args=["grunt-newer","~0.5.4"]
275 verbose parsed url { protocol: null,
275 verbose parsed url   slashes: null,
275 verbose parsed url   auth: null,
275 verbose parsed url   host: null,
275 verbose parsed url   port: null,
275 verbose parsed url   hostname: null,
275 verbose parsed url   hash: null,
275 verbose parsed url   search: null,
275 verbose parsed url   query: null,
275 verbose parsed url   pathname: '~0.5.4',
275 verbose parsed url   path: '~0.5.4',
275 verbose parsed url   href: '~0.5.4' }
276 verbose addNamed [ 'grunt-newer', '~0.5.4' ]
277 verbose addNamed [ null, '>=0.5.4-0 <0.6.0-0' ]
278 silly lockFile c8cff248-grunt-newer-0-5-4 grunt-newer@~0.5.4
279 verbose lock grunt-newer@~0.5.4 /Users/oliviercolonna/.npm/c8cff248-grunt-newer-0-5-4.lock
280 verbose cache add [ 'grunt-ngmin@~0.0.2', null ]
281 verbose cache add name=undefined spec="grunt-ngmin@~0.0.2" args=["grunt-ngmin@~0.0.2",null]
282 verbose parsed url { protocol: null,
282 verbose parsed url   slashes: null,
282 verbose parsed url   auth: null,
282 verbose parsed url   host: null,
282 verbose parsed url   port: null,
282 verbose parsed url   hostname: null,
282 verbose parsed url   hash: null,
282 verbose parsed url   search: null,
282 verbose parsed url   query: null,
282 verbose parsed url   pathname: 'grunt-ngmin@~0.0.2',
282 verbose parsed url   path: 'grunt-ngmin@~0.0.2',
282 verbose parsed url   href: 'grunt-ngmin@~0.0.2' }
283 verbose cache add name="grunt-ngmin" spec="~0.0.2" args=["grunt-ngmin","~0.0.2"]
284 verbose parsed url { protocol: null,
284 verbose parsed url   slashes: null,
284 verbose parsed url   auth: null,
284 verbose parsed url   host: null,
284 verbose parsed url   port: null,
284 verbose parsed url   hostname: null,
284 verbose parsed url   hash: null,
284 verbose parsed url   search: null,
284 verbose parsed url   query: null,
284 verbose parsed url   pathname: '~0.0.2',
284 verbose parsed url   path: '~0.0.2',
284 verbose parsed url   href: '~0.0.2' }
285 verbose addNamed [ 'grunt-ngmin', '~0.0.2' ]
286 verbose addNamed [ null, '>=0.0.2-0 <0.1.0-0' ]
287 silly lockFile 07f9ec83-grunt-ngmin-0-0-2 grunt-ngmin@~0.0.2
288 verbose lock grunt-ngmin@~0.0.2 /Users/oliviercolonna/.npm/07f9ec83-grunt-ngmin-0-0-2.lock
289 verbose cache add [ 'grunt-rev@~0.1.0', null ]
290 verbose cache add name=undefined spec="grunt-rev@~0.1.0" args=["grunt-rev@~0.1.0",null]
291 verbose parsed url { protocol: null,
291 verbose parsed url   slashes: null,
291 verbose parsed url   auth: null,
291 verbose parsed url   host: null,
291 verbose parsed url   port: null,
291 verbose parsed url   hostname: null,
291 verbose parsed url   hash: null,
291 verbose parsed url   search: null,
291 verbose parsed url   query: null,
291 verbose parsed url   pathname: 'grunt-rev@~0.1.0',
291 verbose parsed url   path: 'grunt-rev@~0.1.0',
291 verbose parsed url   href: 'grunt-rev@~0.1.0' }
292 verbose cache add name="grunt-rev" spec="~0.1.0" args=["grunt-rev","~0.1.0"]
293 verbose parsed url { protocol: null,
293 verbose parsed url   slashes: null,
293 verbose parsed url   auth: null,
293 verbose parsed url   host: null,
293 verbose parsed url   port: null,
293 verbose parsed url   hostname: null,
293 verbose parsed url   hash: null,
293 verbose parsed url   search: null,
293 verbose parsed url   query: null,
293 verbose parsed url   pathname: '~0.1.0',
293 verbose parsed url   path: '~0.1.0',
293 verbose parsed url   href: '~0.1.0' }
294 verbose addNamed [ 'grunt-rev', '~0.1.0' ]
295 verbose addNamed [ null, '>=0.1.0-0 <0.2.0-0' ]
296 silly lockFile a3a49760-grunt-rev-0-1-0 grunt-rev@~0.1.0
297 verbose lock grunt-rev@~0.1.0 /Users/oliviercolonna/.npm/a3a49760-grunt-rev-0-1-0.lock
298 verbose cache add [ 'grunt-svgmin@~0.2.0', null ]
299 verbose cache add name=undefined spec="grunt-svgmin@~0.2.0" args=["grunt-svgmin@~0.2.0",null]
300 verbose parsed url { protocol: null,
300 verbose parsed url   slashes: null,
300 verbose parsed url   auth: null,
300 verbose parsed url   host: null,
300 verbose parsed url   port: null,
300 verbose parsed url   hostname: null,
300 verbose parsed url   hash: null,
300 verbose parsed url   search: null,
300 verbose parsed url   query: null,
300 verbose parsed url   pathname: 'grunt-svgmin@~0.2.0',
300 verbose parsed url   path: 'grunt-svgmin@~0.2.0',
300 verbose parsed url   href: 'grunt-svgmin@~0.2.0' }
301 verbose cache add name="grunt-svgmin" spec="~0.2.0" args=["grunt-svgmin","~0.2.0"]
302 verbose parsed url { protocol: null,
302 verbose parsed url   slashes: null,
302 verbose parsed url   auth: null,
302 verbose parsed url   host: null,
302 verbose parsed url   port: null,
302 verbose parsed url   hostname: null,
302 verbose parsed url   hash: null,
302 verbose parsed url   search: null,
302 verbose parsed url   query: null,
302 verbose parsed url   pathname: '~0.2.0',
302 verbose parsed url   path: '~0.2.0',
302 verbose parsed url   href: '~0.2.0' }
303 verbose addNamed [ 'grunt-svgmin', '~0.2.0' ]
304 verbose addNamed [ null, '>=0.2.0-0 <0.3.0-0' ]
305 silly lockFile fefef466-grunt-svgmin-0-2-0 grunt-svgmin@~0.2.0
306 verbose lock grunt-svgmin@~0.2.0 /Users/oliviercolonna/.npm/fefef466-grunt-svgmin-0-2-0.lock
307 verbose cache add [ 'grunt-usemin@~2.0.0', null ]
308 verbose cache add name=undefined spec="grunt-usemin@~2.0.0" args=["grunt-usemin@~2.0.0",null]
309 verbose parsed url { protocol: null,
309 verbose parsed url   slashes: null,
309 verbose parsed url   auth: null,
309 verbose parsed url   host: null,
309 verbose parsed url   port: null,
309 verbose parsed url   hostname: null,
309 verbose parsed url   hash: null,
309 verbose parsed url   search: null,
309 verbose parsed url   query: null,
309 verbose parsed url   pathname: 'grunt-usemin@~2.0.0',
309 verbose parsed url   path: 'grunt-usemin@~2.0.0',
309 verbose parsed url   href: 'grunt-usemin@~2.0.0' }
310 verbose cache add name="grunt-usemin" spec="~2.0.0" args=["grunt-usemin","~2.0.0"]
311 verbose parsed url { protocol: null,
311 verbose parsed url   slashes: null,
311 verbose parsed url   auth: null,
311 verbose parsed url   host: null,
311 verbose parsed url   port: null,
311 verbose parsed url   hostname: null,
311 verbose parsed url   hash: null,
311 verbose parsed url   search: null,
311 verbose parsed url   query: null,
311 verbose parsed url   pathname: '~2.0.0',
311 verbose parsed url   path: '~2.0.0',
311 verbose parsed url   href: '~2.0.0' }
312 verbose addNamed [ 'grunt-usemin', '~2.0.0' ]
313 verbose addNamed [ null, '>=2.0.0-0 <2.1.0-0' ]
314 silly lockFile d4f70bcd-grunt-usemin-2-0-0 grunt-usemin@~2.0.0
315 verbose lock grunt-usemin@~2.0.0 /Users/oliviercolonna/.npm/d4f70bcd-grunt-usemin-2-0-0.lock
316 verbose cache add [ 'jshint-stylish@~0.1.3', null ]
317 verbose cache add name=undefined spec="jshint-stylish@~0.1.3" args=["jshint-stylish@~0.1.3",null]
318 verbose parsed url { protocol: null,
318 verbose parsed url   slashes: null,
318 verbose parsed url   auth: null,
318 verbose parsed url   host: null,
318 verbose parsed url   port: null,
318 verbose parsed url   hostname: null,
318 verbose parsed url   hash: null,
318 verbose parsed url   search: null,
318 verbose parsed url   query: null,
318 verbose parsed url   pathname: 'jshint-stylish@~0.1.3',
318 verbose parsed url   path: 'jshint-stylish@~0.1.3',
318 verbose parsed url   href: 'jshint-stylish@~0.1.3' }
319 verbose cache add name="jshint-stylish" spec="~0.1.3" args=["jshint-stylish","~0.1.3"]
320 verbose parsed url { protocol: null,
320 verbose parsed url   slashes: null,
320 verbose parsed url   auth: null,
320 verbose parsed url   host: null,
320 verbose parsed url   port: null,
320 verbose parsed url   hostname: null,
320 verbose parsed url   hash: null,
320 verbose parsed url   search: null,
320 verbose parsed url   query: null,
320 verbose parsed url   pathname: '~0.1.3',
320 verbose parsed url   path: '~0.1.3',
320 verbose parsed url   href: '~0.1.3' }
321 verbose addNamed [ 'jshint-stylish', '~0.1.3' ]
322 verbose addNamed [ null, '>=0.1.3-0 <0.2.0-0' ]
323 silly lockFile fe42dd62-jshint-stylish-0-1-3 jshint-stylish@~0.1.3
324 verbose lock jshint-stylish@~0.1.3 /Users/oliviercolonna/.npm/fe42dd62-jshint-stylish-0-1-3.lock
325 verbose cache add [ 'load-grunt-tasks@~0.2.0', null ]
326 verbose cache add name=undefined spec="load-grunt-tasks@~0.2.0" args=["load-grunt-tasks@~0.2.0",null]
327 verbose parsed url { protocol: null,
327 verbose parsed url   slashes: null,
327 verbose parsed url   auth: null,
327 verbose parsed url   host: null,
327 verbose parsed url   port: null,
327 verbose parsed url   hostname: null,
327 verbose parsed url   hash: null,
327 verbose parsed url   search: null,
327 verbose parsed url   query: null,
327 verbose parsed url   pathname: 'load-grunt-tasks@~0.2.0',
327 verbose parsed url   path: 'load-grunt-tasks@~0.2.0',
327 verbose parsed url   href: 'load-grunt-tasks@~0.2.0' }
328 verbose cache add name="load-grunt-tasks" spec="~0.2.0" args=["load-grunt-tasks","~0.2.0"]
329 verbose parsed url { protocol: null,
329 verbose parsed url   slashes: null,
329 verbose parsed url   auth: null,
329 verbose parsed url   host: null,
329 verbose parsed url   port: null,
329 verbose parsed url   hostname: null,
329 verbose parsed url   hash: null,
329 verbose parsed url   search: null,
329 verbose parsed url   query: null,
329 verbose parsed url   pathname: '~0.2.0',
329 verbose parsed url   path: '~0.2.0',
329 verbose parsed url   href: '~0.2.0' }
330 verbose addNamed [ 'load-grunt-tasks', '~0.2.0' ]
331 verbose addNamed [ null, '>=0.2.0-0 <0.3.0-0' ]
332 silly lockFile 2a94459b-load-grunt-tasks-0-2-0 load-grunt-tasks@~0.2.0
333 verbose lock load-grunt-tasks@~0.2.0 /Users/oliviercolonna/.npm/2a94459b-load-grunt-tasks-0-2-0.lock
334 verbose cache add [ 'time-grunt@~0.2.1', null ]
335 verbose cache add name=undefined spec="time-grunt@~0.2.1" args=["time-grunt@~0.2.1",null]
336 verbose parsed url { protocol: null,
336 verbose parsed url   slashes: null,
336 verbose parsed url   auth: null,
336 verbose parsed url   host: null,
336 verbose parsed url   port: null,
336 verbose parsed url   hostname: null,
336 verbose parsed url   hash: null,
336 verbose parsed url   search: null,
336 verbose parsed url   query: null,
336 verbose parsed url   pathname: 'time-grunt@~0.2.1',
336 verbose parsed url   path: 'time-grunt@~0.2.1',
336 verbose parsed url   href: 'time-grunt@~0.2.1' }
337 verbose cache add name="time-grunt" spec="~0.2.1" args=["time-grunt","~0.2.1"]
338 verbose parsed url { protocol: null,
338 verbose parsed url   slashes: null,
338 verbose parsed url   auth: null,
338 verbose parsed url   host: null,
338 verbose parsed url   port: null,
338 verbose parsed url   hostname: null,
338 verbose parsed url   hash: null,
338 verbose parsed url   search: null,
338 verbose parsed url   query: null,
338 verbose parsed url   pathname: '~0.2.1',
338 verbose parsed url   path: '~0.2.1',
338 verbose parsed url   href: '~0.2.1' }
339 verbose addNamed [ 'time-grunt', '~0.2.1' ]
340 verbose addNamed [ null, '>=0.2.1-0 <0.3.0-0' ]
341 silly lockFile d8cb0ec7-time-grunt-0-2-1 time-grunt@~0.2.1
342 verbose lock time-grunt@~0.2.1 /Users/oliviercolonna/.npm/d8cb0ec7-time-grunt-0-2-1.lock
343 verbose cache add [ 'grunt-express-server@~0.4.5', null ]
344 verbose cache add name=undefined spec="grunt-express-server@~0.4.5" args=["grunt-express-server@~0.4.5",null]
345 verbose parsed url { protocol: null,
345 verbose parsed url   slashes: null,
345 verbose parsed url   auth: null,
345 verbose parsed url   host: null,
345 verbose parsed url   port: null,
345 verbose parsed url   hostname: null,
345 verbose parsed url   hash: null,
345 verbose parsed url   search: null,
345 verbose parsed url   query: null,
345 verbose parsed url   pathname: 'grunt-express-server@~0.4.5',
345 verbose parsed url   path: 'grunt-express-server@~0.4.5',
345 verbose parsed url   href: 'grunt-express-server@~0.4.5' }
346 verbose cache add name="grunt-express-server" spec="~0.4.5" args=["grunt-express-server","~0.4.5"]
347 verbose parsed url { protocol: null,
347 verbose parsed url   slashes: null,
347 verbose parsed url   auth: null,
347 verbose parsed url   host: null,
347 verbose parsed url   port: null,
347 verbose parsed url   hostname: null,
347 verbose parsed url   hash: null,
347 verbose parsed url   search: null,
347 verbose parsed url   query: null,
347 verbose parsed url   pathname: '~0.4.5',
347 verbose parsed url   path: '~0.4.5',
347 verbose parsed url   href: '~0.4.5' }
348 verbose addNamed [ 'grunt-express-server', '~0.4.5' ]
349 verbose addNamed [ null, '>=0.4.5-0 <0.5.0-0' ]
350 silly lockFile 4013ef1c-grunt-express-server-0-4-5 grunt-express-server@~0.4.5
351 verbose lock grunt-express-server@~0.4.5 /Users/oliviercolonna/.npm/4013ef1c-grunt-express-server-0-4-5.lock
352 verbose cache add [ 'grunt-open@~0.2.0', null ]
353 verbose cache add name=undefined spec="grunt-open@~0.2.0" args=["grunt-open@~0.2.0",null]
354 verbose parsed url { protocol: null,
354 verbose parsed url   slashes: null,
354 verbose parsed url   auth: null,
354 verbose parsed url   host: null,
354 verbose parsed url   port: null,
354 verbose parsed url   hostname: null,
354 verbose parsed url   hash: null,
354 verbose parsed url   search: null,
354 verbose parsed url   query: null,
354 verbose parsed url   pathname: 'grunt-open@~0.2.0',
354 verbose parsed url   path: 'grunt-open@~0.2.0',
354 verbose parsed url   href: 'grunt-open@~0.2.0' }
355 verbose cache add name="grunt-open" spec="~0.2.0" args=["grunt-open","~0.2.0"]
356 verbose parsed url { protocol: null,
356 verbose parsed url   slashes: null,
356 verbose parsed url   auth: null,
356 verbose parsed url   host: null,
356 verbose parsed url   port: null,
356 verbose parsed url   hostname: null,
356 verbose parsed url   hash: null,
356 verbose parsed url   search: null,
356 verbose parsed url   query: null,
356 verbose parsed url   pathname: '~0.2.0',
356 verbose parsed url   path: '~0.2.0',
356 verbose parsed url   href: '~0.2.0' }
357 verbose addNamed [ 'grunt-open', '~0.2.0' ]
358 verbose addNamed [ null, '>=0.2.0-0 <0.3.0-0' ]
359 silly lockFile a449c8be-grunt-open-0-2-0 grunt-open@~0.2.0
360 verbose lock grunt-open@~0.2.0 /Users/oliviercolonna/.npm/a449c8be-grunt-open-0-2-0.lock
361 verbose cache add [ 'connect-livereload@~0.3.0', null ]
362 verbose cache add name=undefined spec="connect-livereload@~0.3.0" args=["connect-livereload@~0.3.0",null]
363 verbose parsed url { protocol: null,
363 verbose parsed url   slashes: null,
363 verbose parsed url   auth: null,
363 verbose parsed url   host: null,
363 verbose parsed url   port: null,
363 verbose parsed url   hostname: null,
363 verbose parsed url   hash: null,
363 verbose parsed url   search: null,
363 verbose parsed url   query: null,
363 verbose parsed url   pathname: 'connect-livereload@~0.3.0',
363 verbose parsed url   path: 'connect-livereload@~0.3.0',
363 verbose parsed url   href: 'connect-livereload@~0.3.0' }
364 verbose cache add name="connect-livereload" spec="~0.3.0" args=["connect-livereload","~0.3.0"]
365 verbose parsed url { protocol: null,
365 verbose parsed url   slashes: null,
365 verbose parsed url   auth: null,
365 verbose parsed url   host: null,
365 verbose parsed url   port: null,
365 verbose parsed url   hostname: null,
365 verbose parsed url   hash: null,
365 verbose parsed url   search: null,
365 verbose parsed url   query: null,
365 verbose parsed url   pathname: '~0.3.0',
365 verbose parsed url   path: '~0.3.0',
365 verbose parsed url   href: '~0.3.0' }
366 verbose addNamed [ 'connect-livereload', '~0.3.0' ]
367 verbose addNamed [ null, '>=0.3.0-0 <0.4.0-0' ]
368 silly lockFile 18dc8b0d-connect-livereload-0-3-0 connect-livereload@~0.3.0
369 verbose lock connect-livereload@~0.3.0 /Users/oliviercolonna/.npm/18dc8b0d-connect-livereload-0-3-0.lock
370 verbose cache add [ 'karma-ng-scenario@~0.1.0', null ]
371 verbose cache add name=undefined spec="karma-ng-scenario@~0.1.0" args=["karma-ng-scenario@~0.1.0",null]
372 verbose parsed url { protocol: null,
372 verbose parsed url   slashes: null,
372 verbose parsed url   auth: null,
372 verbose parsed url   host: null,
372 verbose parsed url   port: null,
372 verbose parsed url   hostname: null,
372 verbose parsed url   hash: null,
372 verbose parsed url   search: null,
372 verbose parsed url   query: null,
372 verbose parsed url   pathname: 'karma-ng-scenario@~0.1.0',
372 verbose parsed url   path: 'karma-ng-scenario@~0.1.0',
372 verbose parsed url   href: 'karma-ng-scenario@~0.1.0' }
373 verbose cache add name="karma-ng-scenario" spec="~0.1.0" args=["karma-ng-scenario","~0.1.0"]
374 verbose parsed url { protocol: null,
374 verbose parsed url   slashes: null,
374 verbose parsed url   auth: null,
374 verbose parsed url   host: null,
374 verbose parsed url   port: null,
374 verbose parsed url   hostname: null,
374 verbose parsed url   hash: null,
374 verbose parsed url   search: null,
374 verbose parsed url   query: null,
374 verbose parsed url   pathname: '~0.1.0',
374 verbose parsed url   path: '~0.1.0',
374 verbose parsed url   href: '~0.1.0' }
375 verbose addNamed [ 'karma-ng-scenario', '~0.1.0' ]
376 verbose addNamed [ null, '>=0.1.0-0 <0.2.0-0' ]
377 silly lockFile c3015f9d-karma-ng-scenario-0-1-0 karma-ng-scenario@~0.1.0
378 verbose lock karma-ng-scenario@~0.1.0 /Users/oliviercolonna/.npm/c3015f9d-karma-ng-scenario-0-1-0.lock
379 verbose cache add [ 'grunt-karma@~0.6.2', null ]
380 verbose cache add name=undefined spec="grunt-karma@~0.6.2" args=["grunt-karma@~0.6.2",null]
381 verbose parsed url { protocol: null,
381 verbose parsed url   slashes: null,
381 verbose parsed url   auth: null,
381 verbose parsed url   host: null,
381 verbose parsed url   port: null,
381 verbose parsed url   hostname: null,
381 verbose parsed url   hash: null,
381 verbose parsed url   search: null,
381 verbose parsed url   query: null,
381 verbose parsed url   pathname: 'grunt-karma@~0.6.2',
381 verbose parsed url   path: 'grunt-karma@~0.6.2',
381 verbose parsed url   href: 'grunt-karma@~0.6.2' }
382 verbose cache add name="grunt-karma" spec="~0.6.2" args=["grunt-karma","~0.6.2"]
383 verbose parsed url { protocol: null,
383 verbose parsed url   slashes: null,
383 verbose parsed url   auth: null,
383 verbose parsed url   host: null,
383 verbose parsed url   port: null,
383 verbose parsed url   hostname: null,
383 verbose parsed url   hash: null,
383 verbose parsed url   search: null,
383 verbose parsed url   query: null,
383 verbose parsed url   pathname: '~0.6.2',
383 verbose parsed url   path: '~0.6.2',
383 verbose parsed url   href: '~0.6.2' }
384 verbose addNamed [ 'grunt-karma', '~0.6.2' ]
385 verbose addNamed [ null, '>=0.6.2-0 <0.7.0-0' ]
386 silly lockFile 68aafde4-grunt-karma-0-6-2 grunt-karma@~0.6.2
387 verbose lock grunt-karma@~0.6.2 /Users/oliviercolonna/.npm/68aafde4-grunt-karma-0-6-2.lock
388 verbose cache add [ 'karma-firefox-launcher@~0.1.3', null ]
389 verbose cache add name=undefined spec="karma-firefox-launcher@~0.1.3" args=["karma-firefox-launcher@~0.1.3",null]
390 verbose parsed url { protocol: null,
390 verbose parsed url   slashes: null,
390 verbose parsed url   auth: null,
390 verbose parsed url   host: null,
390 verbose parsed url   port: null,
390 verbose parsed url   hostname: null,
390 verbose parsed url   hash: null,
390 verbose parsed url   search: null,
390 verbose parsed url   query: null,
390 verbose parsed url   pathname: 'karma-firefox-launcher@~0.1.3',
390 verbose parsed url   path: 'karma-firefox-launcher@~0.1.3',
390 verbose parsed url   href: 'karma-firefox-launcher@~0.1.3' }
391 verbose cache add name="karma-firefox-launcher" spec="~0.1.3" args=["karma-firefox-launcher","~0.1.3"]
392 verbose parsed url { protocol: null,
392 verbose parsed url   slashes: null,
392 verbose parsed url   auth: null,
392 verbose parsed url   host: null,
392 verbose parsed url   port: null,
392 verbose parsed url   hostname: null,
392 verbose parsed url   hash: null,
392 verbose parsed url   search: null,
392 verbose parsed url   query: null,
392 verbose parsed url   pathname: '~0.1.3',
392 verbose parsed url   path: '~0.1.3',
392 verbose parsed url   href: '~0.1.3' }
393 verbose addNamed [ 'karma-firefox-launcher', '~0.1.3' ]
394 verbose addNamed [ null, '>=0.1.3-0 <0.2.0-0' ]
395 silly lockFile 1f62a97f-karma-firefox-launcher-0-1-3 karma-firefox-launcher@~0.1.3
396 verbose lock karma-firefox-launcher@~0.1.3 /Users/oliviercolonna/.npm/1f62a97f-karma-firefox-launcher-0-1-3.lock
397 verbose cache add [ 'karma-script-launcher@~0.1.0', null ]
398 verbose cache add name=undefined spec="karma-script-launcher@~0.1.0" args=["karma-script-launcher@~0.1.0",null]
399 verbose parsed url { protocol: null,
399 verbose parsed url   slashes: null,
399 verbose parsed url   auth: null,
399 verbose parsed url   host: null,
399 verbose parsed url   port: null,
399 verbose parsed url   hostname: null,
399 verbose parsed url   hash: null,
399 verbose parsed url   search: null,
399 verbose parsed url   query: null,
399 verbose parsed url   pathname: 'karma-script-launcher@~0.1.0',
399 verbose parsed url   path: 'karma-script-launcher@~0.1.0',
399 verbose parsed url   href: 'karma-script-launcher@~0.1.0' }
400 verbose cache add name="karma-script-launcher" spec="~0.1.0" args=["karma-script-launcher","~0.1.0"]
401 verbose parsed url { protocol: null,
401 verbose parsed url   slashes: null,
401 verbose parsed url   auth: null,
401 verbose parsed url   host: null,
401 verbose parsed url   port: null,
401 verbose parsed url   hostname: null,
401 verbose parsed url   hash: null,
401 verbose parsed url   search: null,
401 verbose parsed url   query: null,
401 verbose parsed url   pathname: '~0.1.0',
401 verbose parsed url   path: '~0.1.0',
401 verbose parsed url   href: '~0.1.0' }
402 verbose addNamed [ 'karma-script-launcher', '~0.1.0' ]
403 verbose addNamed [ null, '>=0.1.0-0 <0.2.0-0' ]
404 silly lockFile 706ef7c2-karma-script-launcher-0-1-0 karma-script-launcher@~0.1.0
405 verbose lock karma-script-launcher@~0.1.0 /Users/oliviercolonna/.npm/706ef7c2-karma-script-launcher-0-1-0.lock
406 verbose cache add [ 'karma-html2js-preprocessor@~0.1.0', null ]
407 verbose cache add name=undefined spec="karma-html2js-preprocessor@~0.1.0" args=["karma-html2js-preprocessor@~0.1.0",null]
408 verbose parsed url { protocol: null,
408 verbose parsed url   slashes: null,
408 verbose parsed url   auth: null,
408 verbose parsed url   host: null,
408 verbose parsed url   port: null,
408 verbose parsed url   hostname: null,
408 verbose parsed url   hash: null,
408 verbose parsed url   search: null,
408 verbose parsed url   query: null,
408 verbose parsed url   pathname: 'karma-html2js-preprocessor@~0.1.0',
408 verbose parsed url   path: 'karma-html2js-preprocessor@~0.1.0',
408 verbose parsed url   href: 'karma-html2js-preprocessor@~0.1.0' }
409 verbose cache add name="karma-html2js-preprocessor" spec="~0.1.0" args=["karma-html2js-preprocessor","~0.1.0"]
410 verbose parsed url { protocol: null,
410 verbose parsed url   slashes: null,
410 verbose parsed url   auth: null,
410 verbose parsed url   host: null,
410 verbose parsed url   port: null,
410 verbose parsed url   hostname: null,
410 verbose parsed url   hash: null,
410 verbose parsed url   search: null,
410 verbose parsed url   query: null,
410 verbose parsed url   pathname: '~0.1.0',
410 verbose parsed url   path: '~0.1.0',
410 verbose parsed url   href: '~0.1.0' }
411 verbose addNamed [ 'karma-html2js-preprocessor', '~0.1.0' ]
412 verbose addNamed [ null, '>=0.1.0-0 <0.2.0-0' ]
413 silly lockFile 17b7dc35-karma-html2js-preprocessor-0-1-0 karma-html2js-preprocessor@~0.1.0
414 verbose lock karma-html2js-preprocessor@~0.1.0 /Users/oliviercolonna/.npm/17b7dc35-karma-html2js-preprocessor-0-1-0.lock
415 verbose cache add [ 'karma-jasmine@~0.1.5', null ]
416 verbose cache add name=undefined spec="karma-jasmine@~0.1.5" args=["karma-jasmine@~0.1.5",null]
417 verbose parsed url { protocol: null,
417 verbose parsed url   slashes: null,
417 verbose parsed url   auth: null,
417 verbose parsed url   host: null,
417 verbose parsed url   port: null,
417 verbose parsed url   hostname: null,
417 verbose parsed url   hash: null,
417 verbose parsed url   search: null,
417 verbose parsed url   query: null,
417 verbose parsed url   pathname: 'karma-jasmine@~0.1.5',
417 verbose parsed url   path: 'karma-jasmine@~0.1.5',
417 verbose parsed url   href: 'karma-jasmine@~0.1.5' }
418 verbose cache add name="karma-jasmine" spec="~0.1.5" args=["karma-jasmine","~0.1.5"]
419 verbose parsed url { protocol: null,
419 verbose parsed url   slashes: null,
419 verbose parsed url   auth: null,
419 verbose parsed url   host: null,
419 verbose parsed url   port: null,
419 verbose parsed url   hostname: null,
419 verbose parsed url   hash: null,
419 verbose parsed url   search: null,
419 verbose parsed url   query: null,
419 verbose parsed url   pathname: '~0.1.5',
419 verbose parsed url   path: '~0.1.5',
419 verbose parsed url   href: '~0.1.5' }
420 verbose addNamed [ 'karma-jasmine', '~0.1.5' ]
421 verbose addNamed [ null, '>=0.1.5-0 <0.2.0-0' ]
422 silly lockFile 7560904b-karma-jasmine-0-1-5 karma-jasmine@~0.1.5
423 verbose lock karma-jasmine@~0.1.5 /Users/oliviercolonna/.npm/7560904b-karma-jasmine-0-1-5.lock
424 verbose cache add [ 'karma-chrome-launcher@~0.1.2', null ]
425 verbose cache add name=undefined spec="karma-chrome-launcher@~0.1.2" args=["karma-chrome-launcher@~0.1.2",null]
426 verbose parsed url { protocol: null,
426 verbose parsed url   slashes: null,
426 verbose parsed url   auth: null,
426 verbose parsed url   host: null,
426 verbose parsed url   port: null,
426 verbose parsed url   hostname: null,
426 verbose parsed url   hash: null,
426 verbose parsed url   search: null,
426 verbose parsed url   query: null,
426 verbose parsed url   pathname: 'karma-chrome-launcher@~0.1.2',
426 verbose parsed url   path: 'karma-chrome-launcher@~0.1.2',
426 verbose parsed url   href: 'karma-chrome-launcher@~0.1.2' }
427 verbose cache add name="karma-chrome-launcher" spec="~0.1.2" args=["karma-chrome-launcher","~0.1.2"]
428 verbose parsed url { protocol: null,
428 verbose parsed url   slashes: null,
428 verbose parsed url   auth: null,
428 verbose parsed url   host: null,
428 verbose parsed url   port: null,
428 verbose parsed url   hostname: null,
428 verbose parsed url   hash: null,
428 verbose parsed url   search: null,
428 verbose parsed url   query: null,
428 verbose parsed url   pathname: '~0.1.2',
428 verbose parsed url   path: '~0.1.2',
428 verbose parsed url   href: '~0.1.2' }
429 verbose addNamed [ 'karma-chrome-launcher', '~0.1.2' ]
430 verbose addNamed [ null, '>=0.1.2-0 <0.2.0-0' ]
431 silly lockFile ebb87570-karma-chrome-launcher-0-1-2 karma-chrome-launcher@~0.1.2
432 verbose lock karma-chrome-launcher@~0.1.2 /Users/oliviercolonna/.npm/ebb87570-karma-chrome-launcher-0-1-2.lock
433 verbose cache add [ 'requirejs@~2.1.10', null ]
434 verbose cache add name=undefined spec="requirejs@~2.1.10" args=["requirejs@~2.1.10",null]
435 verbose parsed url { protocol: null,
435 verbose parsed url   slashes: null,
435 verbose parsed url   auth: null,
435 verbose parsed url   host: null,
435 verbose parsed url   port: null,
435 verbose parsed url   hostname: null,
435 verbose parsed url   hash: null,
435 verbose parsed url   search: null,
435 verbose parsed url   query: null,
435 verbose parsed url   pathname: 'requirejs@~2.1.10',
435 verbose parsed url   path: 'requirejs@~2.1.10',
435 verbose parsed url   href: 'requirejs@~2.1.10' }
436 verbose cache add name="requirejs" spec="~2.1.10" args=["requirejs","~2.1.10"]
437 verbose parsed url { protocol: null,
437 verbose parsed url   slashes: null,
437 verbose parsed url   auth: null,
437 verbose parsed url   host: null,
437 verbose parsed url   port: null,
437 verbose parsed url   hostname: null,
437 verbose parsed url   hash: null,
437 verbose parsed url   search: null,
437 verbose parsed url   query: null,
437 verbose parsed url   pathname: '~2.1.10',
437 verbose parsed url   path: '~2.1.10',
437 verbose parsed url   href: '~2.1.10' }
438 verbose addNamed [ 'requirejs', '~2.1.10' ]
439 verbose addNamed [ null, '>=2.1.10-0 <2.2.0-0' ]
440 silly lockFile 18e26a05-requirejs-2-1-10 requirejs@~2.1.10
441 verbose lock requirejs@~2.1.10 /Users/oliviercolonna/.npm/18e26a05-requirejs-2-1-10.lock
442 verbose cache add [ 'karma-requirejs@~0.2.1', null ]
443 verbose cache add name=undefined spec="karma-requirejs@~0.2.1" args=["karma-requirejs@~0.2.1",null]
444 verbose parsed url { protocol: null,
444 verbose parsed url   slashes: null,
444 verbose parsed url   auth: null,
444 verbose parsed url   host: null,
444 verbose parsed url   port: null,
444 verbose parsed url   hostname: null,
444 verbose parsed url   hash: null,
444 verbose parsed url   search: null,
444 verbose parsed url   query: null,
444 verbose parsed url   pathname: 'karma-requirejs@~0.2.1',
444 verbose parsed url   path: 'karma-requirejs@~0.2.1',
444 verbose parsed url   href: 'karma-requirejs@~0.2.1' }
445 verbose cache add name="karma-requirejs" spec="~0.2.1" args=["karma-requirejs","~0.2.1"]
446 verbose parsed url { protocol: null,
446 verbose parsed url   slashes: null,
446 verbose parsed url   auth: null,
446 verbose parsed url   host: null,
446 verbose parsed url   port: null,
446 verbose parsed url   hostname: null,
446 verbose parsed url   hash: null,
446 verbose parsed url   search: null,
446 verbose parsed url   query: null,
446 verbose parsed url   pathname: '~0.2.1',
446 verbose parsed url   path: '~0.2.1',
446 verbose parsed url   href: '~0.2.1' }
447 verbose addNamed [ 'karma-requirejs', '~0.2.1' ]
448 verbose addNamed [ null, '>=0.2.1-0 <0.3.0-0' ]
449 silly lockFile 9a04bfd8-karma-requirejs-0-2-1 karma-requirejs@~0.2.1
450 verbose lock karma-requirejs@~0.2.1 /Users/oliviercolonna/.npm/9a04bfd8-karma-requirejs-0-2-1.lock
451 verbose cache add [ 'karma-coffee-preprocessor@~0.1.2', null ]
452 verbose cache add name=undefined spec="karma-coffee-preprocessor@~0.1.2" args=["karma-coffee-preprocessor@~0.1.2",null]
453 verbose parsed url { protocol: null,
453 verbose parsed url   slashes: null,
453 verbose parsed url   auth: null,
453 verbose parsed url   host: null,
453 verbose parsed url   port: null,
453 verbose parsed url   hostname: null,
453 verbose parsed url   hash: null,
453 verbose parsed url   search: null,
453 verbose parsed url   query: null,
453 verbose parsed url   pathname: 'karma-coffee-preprocessor@~0.1.2',
453 verbose parsed url   path: 'karma-coffee-preprocessor@~0.1.2',
453 verbose parsed url   href: 'karma-coffee-preprocessor@~0.1.2' }
454 verbose cache add name="karma-coffee-preprocessor" spec="~0.1.2" args=["karma-coffee-preprocessor","~0.1.2"]
455 verbose parsed url { protocol: null,
455 verbose parsed url   slashes: null,
455 verbose parsed url   auth: null,
455 verbose parsed url   host: null,
455 verbose parsed url   port: null,
455 verbose parsed url   hostname: null,
455 verbose parsed url   hash: null,
455 verbose parsed url   search: null,
455 verbose parsed url   query: null,
455 verbose parsed url   pathname: '~0.1.2',
455 verbose parsed url   path: '~0.1.2',
455 verbose parsed url   href: '~0.1.2' }
456 verbose addNamed [ 'karma-coffee-preprocessor', '~0.1.2' ]
457 verbose addNamed [ null, '>=0.1.2-0 <0.2.0-0' ]
458 silly lockFile 58111946-karma-coffee-preprocessor-0-1-2 karma-coffee-preprocessor@~0.1.2
459 verbose lock karma-coffee-preprocessor@~0.1.2 /Users/oliviercolonna/.npm/58111946-karma-coffee-preprocessor-0-1-2.lock
460 verbose cache add [ 'karma-phantomjs-launcher@~0.1.1', null ]
461 verbose cache add name=undefined spec="karma-phantomjs-launcher@~0.1.1" args=["karma-phantomjs-launcher@~0.1.1",null]
462 verbose parsed url { protocol: null,
462 verbose parsed url   slashes: null,
462 verbose parsed url   auth: null,
462 verbose parsed url   host: null,
462 verbose parsed url   port: null,
462 verbose parsed url   hostname: null,
462 verbose parsed url   hash: null,
462 verbose parsed url   search: null,
462 verbose parsed url   query: null,
462 verbose parsed url   pathname: 'karma-phantomjs-launcher@~0.1.1',
462 verbose parsed url   path: 'karma-phantomjs-launcher@~0.1.1',
462 verbose parsed url   href: 'karma-phantomjs-launcher@~0.1.1' }
463 verbose cache add name="karma-phantomjs-launcher" spec="~0.1.1" args=["karma-phantomjs-launcher","~0.1.1"]
464 verbose parsed url { protocol: null,
464 verbose parsed url   slashes: null,
464 verbose parsed url   auth: null,
464 verbose parsed url   host: null,
464 verbose parsed url   port: null,
464 verbose parsed url   hostname: null,
464 verbose parsed url   hash: null,
464 verbose parsed url   search: null,
464 verbose parsed url   query: null,
464 verbose parsed url   pathname: '~0.1.1',
464 verbose parsed url   path: '~0.1.1',
464 verbose parsed url   href: '~0.1.1' }
465 verbose addNamed [ 'karma-phantomjs-launcher', '~0.1.1' ]
466 verbose addNamed [ null, '>=0.1.1-0 <0.2.0-0' ]
467 silly lockFile c6c9480c-karma-phantomjs-launcher-0-1-1 karma-phantomjs-launcher@~0.1.1
468 verbose lock karma-phantomjs-launcher@~0.1.1 /Users/oliviercolonna/.npm/c6c9480c-karma-phantomjs-launcher-0-1-1.lock
469 verbose cache add [ 'karma@~0.10.9', null ]
470 verbose cache add name=undefined spec="karma@~0.10.9" args=["karma@~0.10.9",null]
471 verbose parsed url { protocol: null,
471 verbose parsed url   slashes: null,
471 verbose parsed url   auth: null,
471 verbose parsed url   host: null,
471 verbose parsed url   port: null,
471 verbose parsed url   hostname: null,
471 verbose parsed url   hash: null,
471 verbose parsed url   search: null,
471 verbose parsed url   query: null,
471 verbose parsed url   pathname: 'karma@~0.10.9',
471 verbose parsed url   path: 'karma@~0.10.9',
471 verbose parsed url   href: 'karma@~0.10.9' }
472 verbose cache add name="karma" spec="~0.10.9" args=["karma","~0.10.9"]
473 verbose parsed url { protocol: null,
473 verbose parsed url   slashes: null,
473 verbose parsed url   auth: null,
473 verbose parsed url   host: null,
473 verbose parsed url   port: null,
473 verbose parsed url   hostname: null,
473 verbose parsed url   hash: null,
473 verbose parsed url   search: null,
473 verbose parsed url   query: null,
473 verbose parsed url   pathname: '~0.10.9',
473 verbose parsed url   path: '~0.10.9',
473 verbose parsed url   href: '~0.10.9' }
474 verbose addNamed [ 'karma', '~0.10.9' ]
475 verbose addNamed [ null, '>=0.10.9-0 <0.11.0-0' ]
476 silly lockFile dccc24db-karma-0-10-9 karma@~0.10.9
477 verbose lock karma@~0.10.9 /Users/oliviercolonna/.npm/dccc24db-karma-0-10-9.lock
478 verbose cache add [ 'karma-ng-html2js-preprocessor@~0.1.0', null ]
479 verbose cache add name=undefined spec="karma-ng-html2js-preprocessor@~0.1.0" args=["karma-ng-html2js-preprocessor@~0.1.0",null]
480 verbose parsed url { protocol: null,
480 verbose parsed url   slashes: null,
480 verbose parsed url   auth: null,
480 verbose parsed url   host: null,
480 verbose parsed url   port: null,
480 verbose parsed url   hostname: null,
480 verbose parsed url   hash: null,
480 verbose parsed url   search: null,
480 verbose parsed url   query: null,
480 verbose parsed url   pathname: 'karma-ng-html2js-preprocessor@~0.1.0',
480 verbose parsed url   path: 'karma-ng-html2js-preprocessor@~0.1.0',
480 verbose parsed url   href: 'karma-ng-html2js-preprocessor@~0.1.0' }
481 verbose cache add name="karma-ng-html2js-preprocessor" spec="~0.1.0" args=["karma-ng-html2js-preprocessor","~0.1.0"]
482 verbose parsed url { protocol: null,
482 verbose parsed url   slashes: null,
482 verbose parsed url   auth: null,
482 verbose parsed url   host: null,
482 verbose parsed url   port: null,
482 verbose parsed url   hostname: null,
482 verbose parsed url   hash: null,
482 verbose parsed url   search: null,
482 verbose parsed url   query: null,
482 verbose parsed url   pathname: '~0.1.0',
482 verbose parsed url   path: '~0.1.0',
482 verbose parsed url   href: '~0.1.0' }
483 verbose addNamed [ 'karma-ng-html2js-preprocessor', '~0.1.0' ]
484 verbose addNamed [ null, '>=0.1.0-0 <0.2.0-0' ]
485 silly lockFile 787d5b8b-ma-ng-html2js-preprocessor-0-1-0 karma-ng-html2js-preprocessor@~0.1.0
486 verbose lock karma-ng-html2js-preprocessor@~0.1.0 /Users/oliviercolonna/.npm/787d5b8b-ma-ng-html2js-preprocessor-0-1-0.lock
487 verbose cache add [ 'grunt-mocha-test@~0.8.1', null ]
488 verbose cache add name=undefined spec="grunt-mocha-test@~0.8.1" args=["grunt-mocha-test@~0.8.1",null]
489 verbose parsed url { protocol: null,
489 verbose parsed url   slashes: null,
489 verbose parsed url   auth: null,
489 verbose parsed url   host: null,
489 verbose parsed url   port: null,
489 verbose parsed url   hostname: null,
489 verbose parsed url   hash: null,
489 verbose parsed url   search: null,
489 verbose parsed url   query: null,
489 verbose parsed url   pathname: 'grunt-mocha-test@~0.8.1',
489 verbose parsed url   path: 'grunt-mocha-test@~0.8.1',
489 verbose parsed url   href: 'grunt-mocha-test@~0.8.1' }
490 verbose cache add name="grunt-mocha-test" spec="~0.8.1" args=["grunt-mocha-test","~0.8.1"]
491 verbose parsed url { protocol: null,
491 verbose parsed url   slashes: null,
491 verbose parsed url   auth: null,
491 verbose parsed url   host: null,
491 verbose parsed url   port: null,
491 verbose parsed url   hostname: null,
491 verbose parsed url   hash: null,
491 verbose parsed url   search: null,
491 verbose parsed url   query: null,
491 verbose parsed url   pathname: '~0.8.1',
491 verbose parsed url   path: '~0.8.1',
491 verbose parsed url   href: '~0.8.1' }
492 verbose addNamed [ 'grunt-mocha-test', '~0.8.1' ]
493 verbose addNamed [ null, '>=0.8.1-0 <0.9.0-0' ]
494 silly lockFile be9de88f-grunt-mocha-test-0-8-1 grunt-mocha-test@~0.8.1
495 verbose lock grunt-mocha-test@~0.8.1 /Users/oliviercolonna/.npm/be9de88f-grunt-mocha-test-0-8-1.lock
496 verbose cache add [ 'supertest@~0.8.2', null ]
497 verbose cache add name=undefined spec="supertest@~0.8.2" args=["supertest@~0.8.2",null]
498 verbose parsed url { protocol: null,
498 verbose parsed url   slashes: null,
498 verbose parsed url   auth: null,
498 verbose parsed url   host: null,
498 verbose parsed url   port: null,
498 verbose parsed url   hostname: null,
498 verbose parsed url   hash: null,
498 verbose parsed url   search: null,
498 verbose parsed url   query: null,
498 verbose parsed url   pathname: 'supertest@~0.8.2',
498 verbose parsed url   path: 'supertest@~0.8.2',
498 verbose parsed url   href: 'supertest@~0.8.2' }
499 verbose cache add name="supertest" spec="~0.8.2" args=["supertest","~0.8.2"]
500 verbose parsed url { protocol: null,
500 verbose parsed url   slashes: null,
500 verbose parsed url   auth: null,
500 verbose parsed url   host: null,
500 verbose parsed url   port: null,
500 verbose parsed url   hostname: null,
500 verbose parsed url   hash: null,
500 verbose parsed url   search: null,
500 verbose parsed url   query: null,
500 verbose parsed url   pathname: '~0.8.2',
500 verbose parsed url   path: '~0.8.2',
500 verbose parsed url   href: '~0.8.2' }
501 verbose addNamed [ 'supertest', '~0.8.2' ]
502 verbose addNamed [ null, '>=0.8.2-0 <0.9.0-0' ]
503 silly lockFile b79058cf-supertest-0-8-2 supertest@~0.8.2
504 verbose lock supertest@~0.8.2 /Users/oliviercolonna/.npm/b79058cf-supertest-0-8-2.lock
505 verbose cache add [ 'should@~2.1.0', null ]
506 verbose cache add name=undefined spec="should@~2.1.0" args=["should@~2.1.0",null]
507 verbose parsed url { protocol: null,
507 verbose parsed url   slashes: null,
507 verbose parsed url   auth: null,
507 verbose parsed url   host: null,
507 verbose parsed url   port: null,
507 verbose parsed url   hostname: null,
507 verbose parsed url   hash: null,
507 verbose parsed url   search: null,
507 verbose parsed url   query: null,
507 verbose parsed url   pathname: 'should@~2.1.0',
507 verbose parsed url   path: 'should@~2.1.0',
507 verbose parsed url   href: 'should@~2.1.0' }
508 verbose cache add name="should" spec="~2.1.0" args=["should","~2.1.0"]
509 verbose parsed url { protocol: null,
509 verbose parsed url   slashes: null,
509 verbose parsed url   auth: null,
509 verbose parsed url   host: null,
509 verbose parsed url   port: null,
509 verbose parsed url   hostname: null,
509 verbose parsed url   hash: null,
509 verbose parsed url   search: null,
509 verbose parsed url   query: null,
509 verbose parsed url   pathname: '~2.1.0',
509 verbose parsed url   path: '~2.1.0',
509 verbose parsed url   href: '~2.1.0' }
510 verbose addNamed [ 'should', '~2.1.0' ]
511 verbose addNamed [ null, '>=2.1.0-0 <2.2.0-0' ]
512 silly lockFile 3c85c246-should-2-1-0 should@~2.1.0
513 verbose lock should@~2.1.0 /Users/oliviercolonna/.npm/3c85c246-should-2-1-0.lock
514 verbose cache add [ 'grunt-env@~0.4.1', null ]
515 verbose cache add name=undefined spec="grunt-env@~0.4.1" args=["grunt-env@~0.4.1",null]
516 verbose parsed url { protocol: null,
516 verbose parsed url   slashes: null,
516 verbose parsed url   auth: null,
516 verbose parsed url   host: null,
516 verbose parsed url   port: null,
516 verbose parsed url   hostname: null,
516 verbose parsed url   hash: null,
516 verbose parsed url   search: null,
516 verbose parsed url   query: null,
516 verbose parsed url   pathname: 'grunt-env@~0.4.1',
516 verbose parsed url   path: 'grunt-env@~0.4.1',
516 verbose parsed url   href: 'grunt-env@~0.4.1' }
517 verbose cache add name="grunt-env" spec="~0.4.1" args=["grunt-env","~0.4.1"]
518 verbose parsed url { protocol: null,
518 verbose parsed url   slashes: null,
518 verbose parsed url   auth: null,
518 verbose parsed url   host: null,
518 verbose parsed url   port: null,
518 verbose parsed url   hostname: null,
518 verbose parsed url   hash: null,
518 verbose parsed url   search: null,
518 verbose parsed url   query: null,
518 verbose parsed url   pathname: '~0.4.1',
518 verbose parsed url   path: '~0.4.1',
518 verbose parsed url   href: '~0.4.1' }
519 verbose addNamed [ 'grunt-env', '~0.4.1' ]
520 verbose addNamed [ null, '>=0.4.1-0 <0.5.0-0' ]
521 silly lockFile 6526b89d-grunt-env-0-4-1 grunt-env@~0.4.1
522 verbose lock grunt-env@~0.4.1 /Users/oliviercolonna/.npm/6526b89d-grunt-env-0-4-1.lock
523 verbose cache add [ 'grunt-node-inspector@~0.1.3', null ]
524 verbose cache add name=undefined spec="grunt-node-inspector@~0.1.3" args=["grunt-node-inspector@~0.1.3",null]
525 verbose parsed url { protocol: null,
525 verbose parsed url   slashes: null,
525 verbose parsed url   auth: null,
525 verbose parsed url   host: null,
525 verbose parsed url   port: null,
525 verbose parsed url   hostname: null,
525 verbose parsed url   hash: null,
525 verbose parsed url   search: null,
525 verbose parsed url   query: null,
525 verbose parsed url   pathname: 'grunt-node-inspector@~0.1.3',
525 verbose parsed url   path: 'grunt-node-inspector@~0.1.3',
525 verbose parsed url   href: 'grunt-node-inspector@~0.1.3' }
526 verbose cache add name="grunt-node-inspector" spec="~0.1.3" args=["grunt-node-inspector","~0.1.3"]
527 verbose parsed url { protocol: null,
527 verbose parsed url   slashes: null,
527 verbose parsed url   auth: null,
527 verbose parsed url   host: null,
527 verbose parsed url   port: null,
527 verbose parsed url   hostname: null,
527 verbose parsed url   hash: null,
527 verbose parsed url   search: null,
527 verbose parsed url   query: null,
527 verbose parsed url   pathname: '~0.1.3',
527 verbose parsed url   path: '~0.1.3',
527 verbose parsed url   href: '~0.1.3' }
528 verbose addNamed [ 'grunt-node-inspector', '~0.1.3' ]
529 verbose addNamed [ null, '>=0.1.3-0 <0.2.0-0' ]
530 silly lockFile 6fd8e55e-grunt-node-inspector-0-1-3 grunt-node-inspector@~0.1.3
531 verbose lock grunt-node-inspector@~0.1.3 /Users/oliviercolonna/.npm/6fd8e55e-grunt-node-inspector-0-1-3.lock
532 verbose cache add [ 'grunt-nodemon@~0.2.0', null ]
533 verbose cache add name=undefined spec="grunt-nodemon@~0.2.0" args=["grunt-nodemon@~0.2.0",null]
534 verbose parsed url { protocol: null,
534 verbose parsed url   slashes: null,
534 verbose parsed url   auth: null,
534 verbose parsed url   host: null,
534 verbose parsed url   port: null,
534 verbose parsed url   hostname: null,
534 verbose parsed url   hash: null,
534 verbose parsed url   search: null,
534 verbose parsed url   query: null,
534 verbose parsed url   pathname: 'grunt-nodemon@~0.2.0',
534 verbose parsed url   path: 'grunt-nodemon@~0.2.0',
534 verbose parsed url   href: 'grunt-nodemon@~0.2.0' }
535 verbose cache add name="grunt-nodemon" spec="~0.2.0" args=["grunt-nodemon","~0.2.0"]
536 verbose parsed url { protocol: null,
536 verbose parsed url   slashes: null,
536 verbose parsed url   auth: null,
536 verbose parsed url   host: null,
536 verbose parsed url   port: null,
536 verbose parsed url   hostname: null,
536 verbose parsed url   hash: null,
536 verbose parsed url   search: null,
536 verbose parsed url   query: null,
536 verbose parsed url   pathname: '~0.2.0',
536 verbose parsed url   path: '~0.2.0',
536 verbose parsed url   href: '~0.2.0' }
537 verbose addNamed [ 'grunt-nodemon', '~0.2.0' ]
538 verbose addNamed [ null, '>=0.2.0-0 <0.3.0-0' ]
539 silly lockFile 3dfae922-grunt-nodemon-0-2-0 grunt-nodemon@~0.2.0
540 verbose lock grunt-nodemon@~0.2.0 /Users/oliviercolonna/.npm/3dfae922-grunt-nodemon-0-2-0.lock
541 verbose cache add [ 'open@~0.0.4', null ]
542 verbose cache add name=undefined spec="open@~0.0.4" args=["open@~0.0.4",null]
543 verbose parsed url { protocol: null,
543 verbose parsed url   slashes: null,
543 verbose parsed url   auth: null,
543 verbose parsed url   host: null,
543 verbose parsed url   port: null,
543 verbose parsed url   hostname: null,
543 verbose parsed url   hash: null,
543 verbose parsed url   search: null,
543 verbose parsed url   query: null,
543 verbose parsed url   pathname: 'open@~0.0.4',
543 verbose parsed url   path: 'open@~0.0.4',
543 verbose parsed url   href: 'open@~0.0.4' }
544 verbose cache add name="open" spec="~0.0.4" args=["open","~0.0.4"]
545 verbose parsed url { protocol: null,
545 verbose parsed url   slashes: null,
545 verbose parsed url   auth: null,
545 verbose parsed url   host: null,
545 verbose parsed url   port: null,
545 verbose parsed url   hostname: null,
545 verbose parsed url   hash: null,
545 verbose parsed url   search: null,
545 verbose parsed url   query: null,
545 verbose parsed url   pathname: '~0.0.4',
545 verbose parsed url   path: '~0.0.4',
545 verbose parsed url   href: '~0.0.4' }
546 verbose addNamed [ 'open', '~0.0.4' ]
547 verbose addNamed [ null, '>=0.0.4-0 <0.1.0-0' ]
548 silly lockFile 93cadc2e-open-0-0-4 open@~0.0.4
549 verbose lock open@~0.0.4 /Users/oliviercolonna/.npm/93cadc2e-open-0-0-4.lock
550 verbose cache add [ 'express@~4.0.0', null ]
551 verbose cache add name=undefined spec="express@~4.0.0" args=["express@~4.0.0",null]
552 verbose parsed url { protocol: null,
552 verbose parsed url   slashes: null,
552 verbose parsed url   auth: null,
552 verbose parsed url   host: null,
552 verbose parsed url   port: null,
552 verbose parsed url   hostname: null,
552 verbose parsed url   hash: null,
552 verbose parsed url   search: null,
552 verbose parsed url   query: null,
552 verbose parsed url   pathname: 'express@~4.0.0',
552 verbose parsed url   path: 'express@~4.0.0',
552 verbose parsed url   href: 'express@~4.0.0' }
553 verbose cache add name="express" spec="~4.0.0" args=["express","~4.0.0"]
554 verbose parsed url { protocol: null,
554 verbose parsed url   slashes: null,
554 verbose parsed url   auth: null,
554 verbose parsed url   host: null,
554 verbose parsed url   port: null,
554 verbose parsed url   hostname: null,
554 verbose parsed url   hash: null,
554 verbose parsed url   search: null,
554 verbose parsed url   query: null,
554 verbose parsed url   pathname: '~4.0.0',
554 verbose parsed url   path: '~4.0.0',
554 verbose parsed url   href: '~4.0.0' }
555 verbose addNamed [ 'express', '~4.0.0' ]
556 verbose addNamed [ null, '>=4.0.0-0 <4.1.0-0' ]
557 silly lockFile 9dcfb469-express-4-0-0 express@~4.0.0
558 verbose lock express@~4.0.0 /Users/oliviercolonna/.npm/9dcfb469-express-4-0-0.lock
559 verbose cache add [ 'morgan@~1.0.0', null ]
560 verbose cache add name=undefined spec="morgan@~1.0.0" args=["morgan@~1.0.0",null]
561 verbose parsed url { protocol: null,
561 verbose parsed url   slashes: null,
561 verbose parsed url   auth: null,
561 verbose parsed url   host: null,
561 verbose parsed url   port: null,
561 verbose parsed url   hostname: null,
561 verbose parsed url   hash: null,
561 verbose parsed url   search: null,
561 verbose parsed url   query: null,
561 verbose parsed url   pathname: 'morgan@~1.0.0',
561 verbose parsed url   path: 'morgan@~1.0.0',
561 verbose parsed url   href: 'morgan@~1.0.0' }
562 verbose cache add name="morgan" spec="~1.0.0" args=["morgan","~1.0.0"]
563 verbose parsed url { protocol: null,
563 verbose parsed url   slashes: null,
563 verbose parsed url   auth: null,
563 verbose parsed url   host: null,
563 verbose parsed url   port: null,
563 verbose parsed url   hostname: null,
563 verbose parsed url   hash: null,
563 verbose parsed url   search: null,
563 verbose parsed url   query: null,
563 verbose parsed url   pathname: '~1.0.0',
563 verbose parsed url   path: '~1.0.0',
563 verbose parsed url   href: '~1.0.0' }
564 verbose addNamed [ 'morgan', '~1.0.0' ]
565 verbose addNamed [ null, '>=1.0.0-0 <1.1.0-0' ]
566 silly lockFile 58998603-morgan-1-0-0 morgan@~1.0.0
567 verbose lock morgan@~1.0.0 /Users/oliviercolonna/.npm/58998603-morgan-1-0-0.lock
568 silly lockFile 75669156-method-override-1-0-0 method-override@~1.0.0
569 error Error: Attempt to unlock method-override@~1.0.0, which hasn't been locked
569 error     at unlock (/usr/local/share/npm/lib/node_modules/npm/lib/cache.js:1410:11)
569 error     at cb (/usr/local/share/npm/lib/node_modules/npm/lib/cache.js:674:5)
569 error     at /usr/local/share/npm/lib/node_modules/npm/lib/cache.js:683:20
569 error     at /usr/local/share/npm/lib/node_modules/npm/lib/cache.js:1396:7
569 error     at /usr/local/share/npm/lib/node_modules/npm/node_modules/lockfile/lockfile.js:167:38
569 error     at OpenReq.Req.done (/usr/local/share/npm/lib/node_modules/npm/node_modules/graceful-fs/graceful-fs.js:144:5)
569 error     at OpenReq.done (/usr/local/share/npm/lib/node_modules/npm/node_modules/graceful-fs/graceful-fs.js:64:22)
569 error     at Object.oncomplete (fs.js:107:15)
570 error If you need help, you may report this *entire* log,
570 error including the npm and node versions, at:
570 error     <http://github.com/npm/npm/issues>
571 error System Darwin 13.3.0
572 error command "node" "/usr/local/share/npm/bin/npm" "install"
573 error cwd /Users/oliviercolonna/Desktop/Freelance/compass
574 error node -v v0.10.26
575 error npm -v 1.4.7
576 verbose exit [ 1, true ]
